ARM GAS  C:\Users\JustE\AppData\Local\Temp\cccdaA1z.s 			page 1


   1              		.cpu cortex-m4
   2              		.arch armv7e-m
   3              		.fpu fpv4-sp-d16
   4              		.eabi_attribute 27, 1
   5              		.eabi_attribute 28, 1
   6              		.eabi_attribute 20, 1
   7              		.eabi_attribute 21, 1
   8              		.eabi_attribute 23, 3
   9              		.eabi_attribute 24, 1
  10              		.eabi_attribute 25, 1
  11              		.eabi_attribute 26, 1
  12              		.eabi_attribute 30, 1
  13              		.eabi_attribute 34, 1
  14              		.eabi_attribute 18, 4
  15              		.file	"main.c"
  16              		.text
  17              	.Ltext0:
  18              		.cfi_sections	.debug_frame
  19              		.file 1 "Core/Src/main.c"
  20              		.section	.text.MX_GPIO_Init,"ax",%progbits
  21              		.align	1
  22              		.syntax unified
  23              		.thumb
  24              		.thumb_func
  26              	MX_GPIO_Init:
  27              	.LFB181:
   1:Core/Src/main.c **** /* USER CODE BEGIN Header */
   2:Core/Src/main.c **** /**
   3:Core/Src/main.c ****   ******************************************************************************
   4:Core/Src/main.c ****   * @file           : main.c
   5:Core/Src/main.c ****   * @brief          : Main program body
   6:Core/Src/main.c ****   ******************************************************************************
   7:Core/Src/main.c ****   * @attention
   8:Core/Src/main.c ****   *
   9:Core/Src/main.c ****   * Copyright (c) 2023 STMicroelectronics.
  10:Core/Src/main.c ****   * All rights reserved.
  11:Core/Src/main.c ****   *
  12:Core/Src/main.c ****   * This software is licensed under terms that can be found in the LICENSE file
  13:Core/Src/main.c ****   * in the root directory of this software component.
  14:Core/Src/main.c ****   * If no LICENSE file comes with this software, it is provided AS-IS.
  15:Core/Src/main.c ****   *
  16:Core/Src/main.c ****   ******************************************************************************
  17:Core/Src/main.c ****   */
  18:Core/Src/main.c **** /* USER CODE END Header */
  19:Core/Src/main.c **** /* Includes ------------------------------------------------------------------*/
  20:Core/Src/main.c **** #include "main.h"
  21:Core/Src/main.c **** 
  22:Core/Src/main.c **** /* Private includes ----------------------------------------------------------*/
  23:Core/Src/main.c **** /* USER CODE BEGIN Includes */
  24:Core/Src/main.c **** #include "arm_math.h"
  25:Core/Src/main.c **** #include "arm_const_structs.h"
  26:Core/Src/main.c **** #include <string.h>
  27:Core/Src/main.c **** #include <stdio.h>
  28:Core/Src/main.c **** 
  29:Core/Src/main.c **** #define ADC_BUF 4096 * 2        // multiplied by 2 due to MEMs sampling
  30:Core/Src/main.c **** #define ADC_SAMPLES 4096   // ADC Samples for FFT bin resolution
  31:Core/Src/main.c **** #define FFT_SIZE 4096       // FFT size
ARM GAS  C:\Users\JustE\AppData\Local\Temp\cccdaA1z.s 			page 2


  32:Core/Src/main.c **** /* USER CODE END Includes */
  33:Core/Src/main.c **** 
  34:Core/Src/main.c **** /* Private typedef -----------------------------------------------------------*/
  35:Core/Src/main.c **** /* USER CODE BEGIN PTD */
  36:Core/Src/main.c **** 
  37:Core/Src/main.c **** /* USER CODE END PTD */
  38:Core/Src/main.c **** 
  39:Core/Src/main.c **** /* Private define ------------------------------------------------------------*/
  40:Core/Src/main.c **** /* USER CODE BEGIN PD */
  41:Core/Src/main.c **** 
  42:Core/Src/main.c **** /* USER CODE END PD */
  43:Core/Src/main.c **** 
  44:Core/Src/main.c **** /* Private macro -------------------------------------------------------------*/
  45:Core/Src/main.c **** /* USER CODE BEGIN PM */
  46:Core/Src/main.c **** 
  47:Core/Src/main.c **** /* USER CODE END PM */
  48:Core/Src/main.c **** 
  49:Core/Src/main.c **** /* Private variables ---------------------------------------------------------*/
  50:Core/Src/main.c **** SAI_HandleTypeDef hsai_BlockA1;
  51:Core/Src/main.c **** DMA_HandleTypeDef hdma_sai1_a;
  52:Core/Src/main.c **** 
  53:Core/Src/main.c **** UART_HandleTypeDef huart2;
  54:Core/Src/main.c **** 
  55:Core/Src/main.c **** /* USER CODE BEGIN PV */
  56:Core/Src/main.c **** uint8_t buf[20];
  57:Core/Src/main.c **** int16_t data_i2s[ADC_BUF];
  58:Core/Src/main.c **** uint16_t data;
  59:Core/Src/main.c **** 
  60:Core/Src/main.c **** volatile int16_t sample_i2s;
  61:Core/Src/main.c **** uint8_t hsai_flag;
  62:Core/Src/main.c **** /* USER CODE END PV */
  63:Core/Src/main.c **** 
  64:Core/Src/main.c **** /* Private function prototypes -----------------------------------------------*/
  65:Core/Src/main.c **** void SystemClock_Config(void);
  66:Core/Src/main.c **** static void MX_GPIO_Init(void);
  67:Core/Src/main.c **** static void MX_DMA_Init(void);
  68:Core/Src/main.c **** static void MX_SAI1_Init(void);
  69:Core/Src/main.c **** static void MX_USART2_UART_Init(void);
  70:Core/Src/main.c **** /* USER CODE BEGIN PFP */
  71:Core/Src/main.c **** void do_fft(uint8_t hsai_flag);
  72:Core/Src/main.c **** /* USER CODE END PFP */
  73:Core/Src/main.c **** 
  74:Core/Src/main.c **** /* Private user code ---------------------------------------------------------*/
  75:Core/Src/main.c **** /* USER CODE BEGIN 0 */
  76:Core/Src/main.c **** 
  77:Core/Src/main.c **** /* USER CODE END 0 */
  78:Core/Src/main.c **** 
  79:Core/Src/main.c **** /**
  80:Core/Src/main.c ****   * @brief  The application entry point.
  81:Core/Src/main.c ****   * @retval int
  82:Core/Src/main.c ****   */
  83:Core/Src/main.c **** int main(void)
  84:Core/Src/main.c **** {
  85:Core/Src/main.c ****   /* USER CODE BEGIN 1 */
  86:Core/Src/main.c **** 
  87:Core/Src/main.c ****   /* USER CODE END 1 */
  88:Core/Src/main.c **** 
ARM GAS  C:\Users\JustE\AppData\Local\Temp\cccdaA1z.s 			page 3


  89:Core/Src/main.c ****   /* MCU Configuration--------------------------------------------------------*/
  90:Core/Src/main.c **** 
  91:Core/Src/main.c ****   /* Reset of all peripherals, Initializes the Flash interface and the Systick. */
  92:Core/Src/main.c ****   HAL_Init();
  93:Core/Src/main.c **** 
  94:Core/Src/main.c ****   /* USER CODE BEGIN Init */
  95:Core/Src/main.c **** 
  96:Core/Src/main.c ****   /* USER CODE END Init */
  97:Core/Src/main.c **** 
  98:Core/Src/main.c ****   /* Configure the system clock */
  99:Core/Src/main.c ****   SystemClock_Config();
 100:Core/Src/main.c **** 
 101:Core/Src/main.c ****   /* USER CODE BEGIN SysInit */
 102:Core/Src/main.c **** 
 103:Core/Src/main.c ****   /* USER CODE END SysInit */
 104:Core/Src/main.c **** 
 105:Core/Src/main.c ****   /* Initialize all configured peripherals */
 106:Core/Src/main.c ****   MX_GPIO_Init();
 107:Core/Src/main.c ****   MX_DMA_Init();
 108:Core/Src/main.c ****   MX_SAI1_Init();
 109:Core/Src/main.c ****   MX_USART2_UART_Init();
 110:Core/Src/main.c ****   /* USER CODE BEGIN 2 */
 111:Core/Src/main.c ****   HAL_SAI_Receive_DMA(&hsai_BlockA1, (uint8_t *)data_i2s, sizeof(data_i2s) / 2);
 112:Core/Src/main.c ****   /* USER CODE END 2 */
 113:Core/Src/main.c **** 
 114:Core/Src/main.c ****   /* Infinite loop */
 115:Core/Src/main.c ****   /* USER CODE BEGIN WHILE */
 116:Core/Src/main.c ****   while (1)
 117:Core/Src/main.c ****   {
 118:Core/Src/main.c ****     /* USER CODE END WHILE */
 119:Core/Src/main.c **** 
 120:Core/Src/main.c ****     /* USER CODE BEGIN 3 */
 121:Core/Src/main.c ****     do_fft(hsai_flag);
 122:Core/Src/main.c ****     // sprintf((char*)buf,
 123:Core/Src/main.c ****     //               "%u \r\n",
 124:Core/Src/main.c ****     //               (data_i2s[1]));
 125:Core/Src/main.c ****     //   HAL_UART_Transmit(&huart2,buf,strlen((char*)buf),10);// Sending in normal mode
 126:Core/Src/main.c ****   }
 127:Core/Src/main.c ****   /* USER CODE END 3 */
 128:Core/Src/main.c **** }
 129:Core/Src/main.c **** 
 130:Core/Src/main.c **** /**
 131:Core/Src/main.c ****   * @brief System Clock Configuration
 132:Core/Src/main.c ****   * @retval None
 133:Core/Src/main.c ****   */
 134:Core/Src/main.c **** void SystemClock_Config(void)
 135:Core/Src/main.c **** {
 136:Core/Src/main.c ****   RCC_OscInitTypeDef RCC_OscInitStruct = {0};
 137:Core/Src/main.c ****   RCC_ClkInitTypeDef RCC_ClkInitStruct = {0};
 138:Core/Src/main.c **** 
 139:Core/Src/main.c ****   /** Configure the main internal regulator output voltage
 140:Core/Src/main.c ****   */
 141:Core/Src/main.c ****   if (HAL_PWREx_ControlVoltageScaling(PWR_REGULATOR_VOLTAGE_SCALE1) != HAL_OK)
 142:Core/Src/main.c ****   {
 143:Core/Src/main.c ****     Error_Handler();
 144:Core/Src/main.c ****   }
 145:Core/Src/main.c **** 
ARM GAS  C:\Users\JustE\AppData\Local\Temp\cccdaA1z.s 			page 4


 146:Core/Src/main.c ****   /** Initializes the RCC Oscillators according to the specified parameters
 147:Core/Src/main.c ****   * in the RCC_OscInitTypeDef structure.
 148:Core/Src/main.c ****   */
 149:Core/Src/main.c ****   RCC_OscInitStruct.OscillatorType = RCC_OSCILLATORTYPE_HSI;
 150:Core/Src/main.c ****   RCC_OscInitStruct.HSIState = RCC_HSI_ON;
 151:Core/Src/main.c ****   RCC_OscInitStruct.HSICalibrationValue = RCC_HSICALIBRATION_DEFAULT;
 152:Core/Src/main.c ****   RCC_OscInitStruct.PLL.PLLState = RCC_PLL_ON;
 153:Core/Src/main.c ****   RCC_OscInitStruct.PLL.PLLSource = RCC_PLLSOURCE_HSI;
 154:Core/Src/main.c ****   RCC_OscInitStruct.PLL.PLLM = 1;
 155:Core/Src/main.c ****   RCC_OscInitStruct.PLL.PLLN = 10;
 156:Core/Src/main.c ****   RCC_OscInitStruct.PLL.PLLP = RCC_PLLP_DIV7;
 157:Core/Src/main.c ****   RCC_OscInitStruct.PLL.PLLQ = RCC_PLLQ_DIV2;
 158:Core/Src/main.c ****   RCC_OscInitStruct.PLL.PLLR = RCC_PLLR_DIV2;
 159:Core/Src/main.c ****   if (HAL_RCC_OscConfig(&RCC_OscInitStruct) != HAL_OK)
 160:Core/Src/main.c ****   {
 161:Core/Src/main.c ****     Error_Handler();
 162:Core/Src/main.c ****   }
 163:Core/Src/main.c **** 
 164:Core/Src/main.c ****   /** Initializes the CPU, AHB and APB buses clocks
 165:Core/Src/main.c ****   */
 166:Core/Src/main.c ****   RCC_ClkInitStruct.ClockType = RCC_CLOCKTYPE_HCLK|RCC_CLOCKTYPE_SYSCLK
 167:Core/Src/main.c ****                               |RCC_CLOCKTYPE_PCLK1|RCC_CLOCKTYPE_PCLK2;
 168:Core/Src/main.c ****   RCC_ClkInitStruct.SYSCLKSource = RCC_SYSCLKSOURCE_PLLCLK;
 169:Core/Src/main.c ****   RCC_ClkInitStruct.AHBCLKDivider = RCC_SYSCLK_DIV1;
 170:Core/Src/main.c ****   RCC_ClkInitStruct.APB1CLKDivider = RCC_HCLK_DIV1;
 171:Core/Src/main.c ****   RCC_ClkInitStruct.APB2CLKDivider = RCC_HCLK_DIV1;
 172:Core/Src/main.c **** 
 173:Core/Src/main.c ****   if (HAL_RCC_ClockConfig(&RCC_ClkInitStruct, FLASH_LATENCY_4) != HAL_OK)
 174:Core/Src/main.c ****   {
 175:Core/Src/main.c ****     Error_Handler();
 176:Core/Src/main.c ****   }
 177:Core/Src/main.c **** }
 178:Core/Src/main.c **** 
 179:Core/Src/main.c **** /**
 180:Core/Src/main.c ****   * @brief SAI1 Initialization Function
 181:Core/Src/main.c ****   * @param None
 182:Core/Src/main.c ****   * @retval None
 183:Core/Src/main.c ****   */
 184:Core/Src/main.c **** static void MX_SAI1_Init(void)
 185:Core/Src/main.c **** {
 186:Core/Src/main.c **** 
 187:Core/Src/main.c ****   /* USER CODE BEGIN SAI1_Init 0 */
 188:Core/Src/main.c **** 
 189:Core/Src/main.c ****   /* USER CODE END SAI1_Init 0 */
 190:Core/Src/main.c **** 
 191:Core/Src/main.c ****   /* USER CODE BEGIN SAI1_Init 1 */
 192:Core/Src/main.c **** 
 193:Core/Src/main.c ****   /* USER CODE END SAI1_Init 1 */
 194:Core/Src/main.c ****   hsai_BlockA1.Instance = SAI1_Block_A;
 195:Core/Src/main.c ****   hsai_BlockA1.Init.AudioMode = SAI_MODEMASTER_RX;
 196:Core/Src/main.c ****   hsai_BlockA1.Init.Synchro = SAI_ASYNCHRONOUS;
 197:Core/Src/main.c ****   hsai_BlockA1.Init.OutputDrive = SAI_OUTPUTDRIVE_DISABLE;
 198:Core/Src/main.c ****   hsai_BlockA1.Init.NoDivider = SAI_MASTERDIVIDER_ENABLE;
 199:Core/Src/main.c ****   hsai_BlockA1.Init.FIFOThreshold = SAI_FIFOTHRESHOLD_EMPTY;
 200:Core/Src/main.c ****   hsai_BlockA1.Init.AudioFrequency = SAI_AUDIO_FREQUENCY_16K;
 201:Core/Src/main.c ****   hsai_BlockA1.Init.SynchroExt = SAI_SYNCEXT_DISABLE;
 202:Core/Src/main.c ****   hsai_BlockA1.Init.MonoStereoMode = SAI_STEREOMODE;
ARM GAS  C:\Users\JustE\AppData\Local\Temp\cccdaA1z.s 			page 5


 203:Core/Src/main.c ****   hsai_BlockA1.Init.CompandingMode = SAI_NOCOMPANDING;
 204:Core/Src/main.c ****   if (HAL_SAI_InitProtocol(&hsai_BlockA1, SAI_I2S_MSBJUSTIFIED, SAI_PROTOCOL_DATASIZE_24BIT, 2) != 
 205:Core/Src/main.c ****   {
 206:Core/Src/main.c ****     Error_Handler();
 207:Core/Src/main.c ****   }
 208:Core/Src/main.c ****   /* USER CODE BEGIN SAI1_Init 2 */
 209:Core/Src/main.c **** 
 210:Core/Src/main.c ****   /* USER CODE END SAI1_Init 2 */
 211:Core/Src/main.c **** 
 212:Core/Src/main.c **** }
 213:Core/Src/main.c **** 
 214:Core/Src/main.c **** /**
 215:Core/Src/main.c ****   * @brief USART2 Initialization Function
 216:Core/Src/main.c ****   * @param None
 217:Core/Src/main.c ****   * @retval None
 218:Core/Src/main.c ****   */
 219:Core/Src/main.c **** static void MX_USART2_UART_Init(void)
 220:Core/Src/main.c **** {
 221:Core/Src/main.c **** 
 222:Core/Src/main.c ****   /* USER CODE BEGIN USART2_Init 0 */
 223:Core/Src/main.c **** 
 224:Core/Src/main.c ****   /* USER CODE END USART2_Init 0 */
 225:Core/Src/main.c **** 
 226:Core/Src/main.c ****   /* USER CODE BEGIN USART2_Init 1 */
 227:Core/Src/main.c **** 
 228:Core/Src/main.c ****   /* USER CODE END USART2_Init 1 */
 229:Core/Src/main.c ****   huart2.Instance = USART2;
 230:Core/Src/main.c ****   huart2.Init.BaudRate = 115200;
 231:Core/Src/main.c ****   huart2.Init.WordLength = UART_WORDLENGTH_8B;
 232:Core/Src/main.c ****   huart2.Init.StopBits = UART_STOPBITS_1;
 233:Core/Src/main.c ****   huart2.Init.Parity = UART_PARITY_NONE;
 234:Core/Src/main.c ****   huart2.Init.Mode = UART_MODE_TX_RX;
 235:Core/Src/main.c ****   huart2.Init.HwFlowCtl = UART_HWCONTROL_NONE;
 236:Core/Src/main.c ****   huart2.Init.OverSampling = UART_OVERSAMPLING_16;
 237:Core/Src/main.c ****   huart2.Init.OneBitSampling = UART_ONE_BIT_SAMPLE_DISABLE;
 238:Core/Src/main.c ****   huart2.AdvancedInit.AdvFeatureInit = UART_ADVFEATURE_NO_INIT;
 239:Core/Src/main.c ****   if (HAL_UART_Init(&huart2) != HAL_OK)
 240:Core/Src/main.c ****   {
 241:Core/Src/main.c ****     Error_Handler();
 242:Core/Src/main.c ****   }
 243:Core/Src/main.c ****   /* USER CODE BEGIN USART2_Init 2 */
 244:Core/Src/main.c **** 
 245:Core/Src/main.c ****   /* USER CODE END USART2_Init 2 */
 246:Core/Src/main.c **** 
 247:Core/Src/main.c **** }
 248:Core/Src/main.c **** 
 249:Core/Src/main.c **** /**
 250:Core/Src/main.c ****   * Enable DMA controller clock
 251:Core/Src/main.c ****   */
 252:Core/Src/main.c **** static void MX_DMA_Init(void)
 253:Core/Src/main.c **** {
 254:Core/Src/main.c **** 
 255:Core/Src/main.c ****   /* DMA controller clock enable */
 256:Core/Src/main.c ****   __HAL_RCC_DMA2_CLK_ENABLE();
 257:Core/Src/main.c **** 
 258:Core/Src/main.c ****   /* DMA interrupt init */
 259:Core/Src/main.c ****   /* DMA2_Channel1_IRQn interrupt configuration */
ARM GAS  C:\Users\JustE\AppData\Local\Temp\cccdaA1z.s 			page 6


 260:Core/Src/main.c ****   HAL_NVIC_SetPriority(DMA2_Channel1_IRQn, 0, 0);
 261:Core/Src/main.c ****   HAL_NVIC_EnableIRQ(DMA2_Channel1_IRQn);
 262:Core/Src/main.c **** 
 263:Core/Src/main.c **** }
 264:Core/Src/main.c **** 
 265:Core/Src/main.c **** /**
 266:Core/Src/main.c ****   * @brief GPIO Initialization Function
 267:Core/Src/main.c ****   * @param None
 268:Core/Src/main.c ****   * @retval None
 269:Core/Src/main.c ****   */
 270:Core/Src/main.c **** static void MX_GPIO_Init(void)
 271:Core/Src/main.c **** {
  28              		.loc 1 271 1 view -0
  29              		.cfi_startproc
  30              		@ args = 0, pretend = 0, frame = 40
  31              		@ frame_needed = 0, uses_anonymous_args = 0
  32 0000 10B5     		push	{r4, lr}
  33              	.LCFI0:
  34              		.cfi_def_cfa_offset 8
  35              		.cfi_offset 4, -8
  36              		.cfi_offset 14, -4
  37 0002 8AB0     		sub	sp, sp, #40
  38              	.LCFI1:
  39              		.cfi_def_cfa_offset 48
 272:Core/Src/main.c ****   GPIO_InitTypeDef GPIO_InitStruct = {0};
  40              		.loc 1 272 3 view .LVU1
  41              		.loc 1 272 20 is_stmt 0 view .LVU2
  42 0004 0024     		movs	r4, #0
  43 0006 0594     		str	r4, [sp, #20]
  44 0008 0694     		str	r4, [sp, #24]
  45 000a 0794     		str	r4, [sp, #28]
  46 000c 0894     		str	r4, [sp, #32]
  47 000e 0994     		str	r4, [sp, #36]
 273:Core/Src/main.c **** /* USER CODE BEGIN MX_GPIO_Init_1 */
 274:Core/Src/main.c **** /* USER CODE END MX_GPIO_Init_1 */
 275:Core/Src/main.c **** 
 276:Core/Src/main.c ****   /* GPIO Ports Clock Enable */
 277:Core/Src/main.c ****   __HAL_RCC_GPIOC_CLK_ENABLE();
  48              		.loc 1 277 3 is_stmt 1 view .LVU3
  49              	.LBB4:
  50              		.loc 1 277 3 view .LVU4
  51              		.loc 1 277 3 view .LVU5
  52 0010 214B     		ldr	r3, .L3
  53 0012 DA6C     		ldr	r2, [r3, #76]
  54 0014 42F00402 		orr	r2, r2, #4
  55 0018 DA64     		str	r2, [r3, #76]
  56              		.loc 1 277 3 view .LVU6
  57 001a DA6C     		ldr	r2, [r3, #76]
  58 001c 02F00402 		and	r2, r2, #4
  59 0020 0192     		str	r2, [sp, #4]
  60              		.loc 1 277 3 view .LVU7
  61 0022 019A     		ldr	r2, [sp, #4]
  62              	.LBE4:
  63              		.loc 1 277 3 view .LVU8
 278:Core/Src/main.c ****   __HAL_RCC_GPIOH_CLK_ENABLE();
  64              		.loc 1 278 3 view .LVU9
  65              	.LBB5:
ARM GAS  C:\Users\JustE\AppData\Local\Temp\cccdaA1z.s 			page 7


  66              		.loc 1 278 3 view .LVU10
  67              		.loc 1 278 3 view .LVU11
  68 0024 DA6C     		ldr	r2, [r3, #76]
  69 0026 42F08002 		orr	r2, r2, #128
  70 002a DA64     		str	r2, [r3, #76]
  71              		.loc 1 278 3 view .LVU12
  72 002c DA6C     		ldr	r2, [r3, #76]
  73 002e 02F08002 		and	r2, r2, #128
  74 0032 0292     		str	r2, [sp, #8]
  75              		.loc 1 278 3 view .LVU13
  76 0034 029A     		ldr	r2, [sp, #8]
  77              	.LBE5:
  78              		.loc 1 278 3 view .LVU14
 279:Core/Src/main.c ****   __HAL_RCC_GPIOA_CLK_ENABLE();
  79              		.loc 1 279 3 view .LVU15
  80              	.LBB6:
  81              		.loc 1 279 3 view .LVU16
  82              		.loc 1 279 3 view .LVU17
  83 0036 DA6C     		ldr	r2, [r3, #76]
  84 0038 42F00102 		orr	r2, r2, #1
  85 003c DA64     		str	r2, [r3, #76]
  86              		.loc 1 279 3 view .LVU18
  87 003e DA6C     		ldr	r2, [r3, #76]
  88 0040 02F00102 		and	r2, r2, #1
  89 0044 0392     		str	r2, [sp, #12]
  90              		.loc 1 279 3 view .LVU19
  91 0046 039A     		ldr	r2, [sp, #12]
  92              	.LBE6:
  93              		.loc 1 279 3 view .LVU20
 280:Core/Src/main.c ****   __HAL_RCC_GPIOB_CLK_ENABLE();
  94              		.loc 1 280 3 view .LVU21
  95              	.LBB7:
  96              		.loc 1 280 3 view .LVU22
  97              		.loc 1 280 3 view .LVU23
  98 0048 DA6C     		ldr	r2, [r3, #76]
  99 004a 42F00202 		orr	r2, r2, #2
 100 004e DA64     		str	r2, [r3, #76]
 101              		.loc 1 280 3 view .LVU24
 102 0050 DB6C     		ldr	r3, [r3, #76]
 103 0052 03F00203 		and	r3, r3, #2
 104 0056 0493     		str	r3, [sp, #16]
 105              		.loc 1 280 3 view .LVU25
 106 0058 049B     		ldr	r3, [sp, #16]
 107              	.LBE7:
 108              		.loc 1 280 3 view .LVU26
 281:Core/Src/main.c **** 
 282:Core/Src/main.c ****   /*Configure GPIO pin Output Level */
 283:Core/Src/main.c ****   HAL_GPIO_WritePin(LD2_GPIO_Port, LD2_Pin, GPIO_PIN_RESET);
 109              		.loc 1 283 3 view .LVU27
 110 005a 2246     		mov	r2, r4
 111 005c 2021     		movs	r1, #32
 112 005e 4FF09040 		mov	r0, #1207959552
 113 0062 FFF7FEFF 		bl	HAL_GPIO_WritePin
 114              	.LVL0:
 284:Core/Src/main.c **** 
 285:Core/Src/main.c ****   /*Configure GPIO pin : B1_Pin */
 286:Core/Src/main.c ****   GPIO_InitStruct.Pin = B1_Pin;
ARM GAS  C:\Users\JustE\AppData\Local\Temp\cccdaA1z.s 			page 8


 115              		.loc 1 286 3 view .LVU28
 116              		.loc 1 286 23 is_stmt 0 view .LVU29
 117 0066 4FF40053 		mov	r3, #8192
 118 006a 0593     		str	r3, [sp, #20]
 287:Core/Src/main.c ****   GPIO_InitStruct.Mode = GPIO_MODE_IT_FALLING;
 119              		.loc 1 287 3 is_stmt 1 view .LVU30
 120              		.loc 1 287 24 is_stmt 0 view .LVU31
 121 006c 4FF40413 		mov	r3, #2162688
 122 0070 0693     		str	r3, [sp, #24]
 288:Core/Src/main.c ****   GPIO_InitStruct.Pull = GPIO_NOPULL;
 123              		.loc 1 288 3 is_stmt 1 view .LVU32
 124              		.loc 1 288 24 is_stmt 0 view .LVU33
 125 0072 0794     		str	r4, [sp, #28]
 289:Core/Src/main.c ****   HAL_GPIO_Init(B1_GPIO_Port, &GPIO_InitStruct);
 126              		.loc 1 289 3 is_stmt 1 view .LVU34
 127 0074 05A9     		add	r1, sp, #20
 128 0076 0948     		ldr	r0, .L3+4
 129 0078 FFF7FEFF 		bl	HAL_GPIO_Init
 130              	.LVL1:
 290:Core/Src/main.c **** 
 291:Core/Src/main.c ****   /*Configure GPIO pin : LD2_Pin */
 292:Core/Src/main.c ****   GPIO_InitStruct.Pin = LD2_Pin;
 131              		.loc 1 292 3 view .LVU35
 132              		.loc 1 292 23 is_stmt 0 view .LVU36
 133 007c 2023     		movs	r3, #32
 134 007e 0593     		str	r3, [sp, #20]
 293:Core/Src/main.c ****   GPIO_InitStruct.Mode = GPIO_MODE_OUTPUT_PP;
 135              		.loc 1 293 3 is_stmt 1 view .LVU37
 136              		.loc 1 293 24 is_stmt 0 view .LVU38
 137 0080 0123     		movs	r3, #1
 138 0082 0693     		str	r3, [sp, #24]
 294:Core/Src/main.c ****   GPIO_InitStruct.Pull = GPIO_NOPULL;
 139              		.loc 1 294 3 is_stmt 1 view .LVU39
 140              		.loc 1 294 24 is_stmt 0 view .LVU40
 141 0084 0794     		str	r4, [sp, #28]
 295:Core/Src/main.c ****   GPIO_InitStruct.Speed = GPIO_SPEED_FREQ_LOW;
 142              		.loc 1 295 3 is_stmt 1 view .LVU41
 143              		.loc 1 295 25 is_stmt 0 view .LVU42
 144 0086 0894     		str	r4, [sp, #32]
 296:Core/Src/main.c ****   HAL_GPIO_Init(LD2_GPIO_Port, &GPIO_InitStruct);
 145              		.loc 1 296 3 is_stmt 1 view .LVU43
 146 0088 05A9     		add	r1, sp, #20
 147 008a 4FF09040 		mov	r0, #1207959552
 148 008e FFF7FEFF 		bl	HAL_GPIO_Init
 149              	.LVL2:
 297:Core/Src/main.c **** 
 298:Core/Src/main.c **** /* USER CODE BEGIN MX_GPIO_Init_2 */
 299:Core/Src/main.c **** /* USER CODE END MX_GPIO_Init_2 */
 300:Core/Src/main.c **** }
 150              		.loc 1 300 1 is_stmt 0 view .LVU44
 151 0092 0AB0     		add	sp, sp, #40
 152              	.LCFI2:
 153              		.cfi_def_cfa_offset 8
 154              		@ sp needed
 155 0094 10BD     		pop	{r4, pc}
 156              	.L4:
 157 0096 00BF     		.align	2
ARM GAS  C:\Users\JustE\AppData\Local\Temp\cccdaA1z.s 			page 9


 158              	.L3:
 159 0098 00100240 		.word	1073876992
 160 009c 00080048 		.word	1207961600
 161              		.cfi_endproc
 162              	.LFE181:
 164              		.section	.text.MX_DMA_Init,"ax",%progbits
 165              		.align	1
 166              		.syntax unified
 167              		.thumb
 168              		.thumb_func
 170              	MX_DMA_Init:
 171              	.LFB180:
 253:Core/Src/main.c **** 
 172              		.loc 1 253 1 is_stmt 1 view -0
 173              		.cfi_startproc
 174              		@ args = 0, pretend = 0, frame = 8
 175              		@ frame_needed = 0, uses_anonymous_args = 0
 176 0000 00B5     		push	{lr}
 177              	.LCFI3:
 178              		.cfi_def_cfa_offset 4
 179              		.cfi_offset 14, -4
 180 0002 83B0     		sub	sp, sp, #12
 181              	.LCFI4:
 182              		.cfi_def_cfa_offset 16
 256:Core/Src/main.c **** 
 183              		.loc 1 256 3 view .LVU46
 184              	.LBB8:
 256:Core/Src/main.c **** 
 185              		.loc 1 256 3 view .LVU47
 256:Core/Src/main.c **** 
 186              		.loc 1 256 3 view .LVU48
 187 0004 0A4B     		ldr	r3, .L7
 188 0006 9A6C     		ldr	r2, [r3, #72]
 189 0008 42F00202 		orr	r2, r2, #2
 190 000c 9A64     		str	r2, [r3, #72]
 256:Core/Src/main.c **** 
 191              		.loc 1 256 3 view .LVU49
 192 000e 9B6C     		ldr	r3, [r3, #72]
 193 0010 03F00203 		and	r3, r3, #2
 194 0014 0193     		str	r3, [sp, #4]
 256:Core/Src/main.c **** 
 195              		.loc 1 256 3 view .LVU50
 196 0016 019B     		ldr	r3, [sp, #4]
 197              	.LBE8:
 256:Core/Src/main.c **** 
 198              		.loc 1 256 3 view .LVU51
 260:Core/Src/main.c ****   HAL_NVIC_EnableIRQ(DMA2_Channel1_IRQn);
 199              		.loc 1 260 3 view .LVU52
 200 0018 0022     		movs	r2, #0
 201 001a 1146     		mov	r1, r2
 202 001c 3820     		movs	r0, #56
 203 001e FFF7FEFF 		bl	HAL_NVIC_SetPriority
 204              	.LVL3:
 261:Core/Src/main.c **** 
 205              		.loc 1 261 3 view .LVU53
 206 0022 3820     		movs	r0, #56
 207 0024 FFF7FEFF 		bl	HAL_NVIC_EnableIRQ
ARM GAS  C:\Users\JustE\AppData\Local\Temp\cccdaA1z.s 			page 10


 208              	.LVL4:
 263:Core/Src/main.c **** 
 209              		.loc 1 263 1 is_stmt 0 view .LVU54
 210 0028 03B0     		add	sp, sp, #12
 211              	.LCFI5:
 212              		.cfi_def_cfa_offset 4
 213              		@ sp needed
 214 002a 5DF804FB 		ldr	pc, [sp], #4
 215              	.L8:
 216 002e 00BF     		.align	2
 217              	.L7:
 218 0030 00100240 		.word	1073876992
 219              		.cfi_endproc
 220              	.LFE180:
 222              		.section	.text.HAL_SAI_RxCpltCallback,"ax",%progbits
 223              		.align	1
 224              		.global	HAL_SAI_RxCpltCallback
 225              		.syntax unified
 226              		.thumb
 227              		.thumb_func
 229              	HAL_SAI_RxCpltCallback:
 230              	.LVL5:
 231              	.LFB182:
 301:Core/Src/main.c **** 
 302:Core/Src/main.c **** /* USER CODE BEGIN 4 */
 303:Core/Src/main.c **** void HAL_SAI_RxCpltCallback(SAI_HandleTypeDef *hsai) {
 232              		.loc 1 303 54 is_stmt 1 view -0
 233              		.cfi_startproc
 234              		@ args = 0, pretend = 0, frame = 0
 235              		@ frame_needed = 0, uses_anonymous_args = 0
 236              		@ link register save eliminated.
 304:Core/Src/main.c ****   hsai_flag = 1;
 237              		.loc 1 304 3 view .LVU56
 238              		.loc 1 304 13 is_stmt 0 view .LVU57
 239 0000 014B     		ldr	r3, .L10
 240 0002 0122     		movs	r2, #1
 241 0004 1A70     		strb	r2, [r3]
 305:Core/Src/main.c **** }
 242              		.loc 1 305 1 view .LVU58
 243 0006 7047     		bx	lr
 244              	.L11:
 245              		.align	2
 246              	.L10:
 247 0008 00000000 		.word	hsai_flag
 248              		.cfi_endproc
 249              	.LFE182:
 251              		.global	__aeabi_ui2d
 252              		.global	__aeabi_dmul
 253              		.global	__aeabi_d2f
 254              		.section	.rodata.do_fft.str1.4,"aMS",%progbits,1
 255              		.align	2
 256              	.LC0:
 257 0000 25752048 		.ascii	"%u Hz\015\012\000"
 257      7A0D0A00 
 258              		.section	.text.do_fft,"ax",%progbits
 259              		.align	1
 260              		.global	do_fft
ARM GAS  C:\Users\JustE\AppData\Local\Temp\cccdaA1z.s 			page 11


 261              		.syntax unified
 262              		.thumb
 263              		.thumb_func
 265              	do_fft:
 266              	.LVL6:
 267              	.LFB183:
 306:Core/Src/main.c **** 
 307:Core/Src/main.c **** void do_fft(uint8_t hadc_flag) {
 268              		.loc 1 307 32 is_stmt 1 view -0
 269              		.cfi_startproc
 270              		@ args = 0, pretend = 0, frame = 65576
 271              		@ frame_needed = 0, uses_anonymous_args = 0
 308:Core/Src/main.c ****   if (hadc_flag) {
 272              		.loc 1 308 3 view .LVU60
 273              		.loc 1 308 6 is_stmt 0 view .LVU61
 274 0000 0028     		cmp	r0, #0
 275 0002 00F0A580 		beq	.L24
 307:Core/Src/main.c ****   if (hadc_flag) {
 276              		.loc 1 307 32 view .LVU62
 277 0006 70B5     		push	{r4, r5, r6, lr}
 278              	.LCFI6:
 279              		.cfi_def_cfa_offset 16
 280              		.cfi_offset 4, -16
 281              		.cfi_offset 5, -12
 282              		.cfi_offset 6, -8
 283              		.cfi_offset 14, -4
 284 0008 ADF5803D 		sub	sp, sp, #65536
 285              	.LCFI7:
 286              		.cfi_def_cfa_offset 65552
 287 000c 8AB0     		sub	sp, sp, #40
 288              	.LCFI8:
 289              		.cfi_def_cfa_offset 65592
 290              	.LBB9:
 309:Core/Src/main.c **** 
 310:Core/Src/main.c ****       arm_rfft_fast_instance_f32 fft_instance;
 291              		.loc 1 310 7 is_stmt 1 view .LVU63
 311:Core/Src/main.c ****       
 312:Core/Src/main.c ****       float32_t fft_adc_buf[ADC_BUF / 2] = {0};
 292              		.loc 1 312 7 view .LVU64
 293              		.loc 1 312 17 is_stmt 0 view .LVU65
 294 000e 4FF48044 		mov	r4, #16384
 295 0012 2246     		mov	r2, r4
 296 0014 0021     		movs	r1, #0
 297 0016 0AA8     		add	r0, sp, #40
 298              	.LVL7:
 299              		.loc 1 312 17 view .LVU66
 300 0018 FFF7FEFF 		bl	memset
 301              	.LVL8:
 313:Core/Src/main.c ****       float32_t fft_output[FFT_SIZE * 2] = {0};
 302              		.loc 1 313 7 is_stmt 1 view .LVU67
 303              		.loc 1 313 17 is_stmt 0 view .LVU68
 304 001c 4FF40042 		mov	r2, #32768
 305 0020 0021     		movs	r1, #0
 306 0022 0DF50040 		add	r0, sp, #32768
 307 0026 2830     		adds	r0, r0, #40
 308 0028 FFF7FEFF 		bl	memset
 309              	.LVL9:
ARM GAS  C:\Users\JustE\AppData\Local\Temp\cccdaA1z.s 			page 12


 314:Core/Src/main.c ****       float32_t fft_magnitude[FFT_SIZE] = {0};
 310              		.loc 1 314 7 is_stmt 1 view .LVU69
 311              		.loc 1 314 17 is_stmt 0 view .LVU70
 312 002c 2246     		mov	r2, r4
 313 002e 0021     		movs	r1, #0
 314 0030 0DF58040 		add	r0, sp, #16384
 315 0034 2830     		adds	r0, r0, #40
 316 0036 FFF7FEFF 		bl	memset
 317              	.LVL10:
 315:Core/Src/main.c **** 
 316:Core/Src/main.c ****       volatile float32_t calculated_frequency = 0;
 318              		.loc 1 316 7 is_stmt 1 view .LVU71
 319              		.loc 1 316 26 is_stmt 0 view .LVU72
 320 003a 0023     		movs	r3, #0
 321 003c 0193     		str	r3, [sp, #4]	@ float
 317:Core/Src/main.c ****       volatile float32_t max_value;
 322              		.loc 1 317 7 is_stmt 1 view .LVU73
 318:Core/Src/main.c ****       volatile uint32_t max_index;
 323              		.loc 1 318 7 view .LVU74
 319:Core/Src/main.c **** 
 320:Core/Src/main.c ****       int i, j;
 324              		.loc 1 320 7 view .LVU75
 321:Core/Src/main.c ****       for (i = 0, j = 1; i < ADC_BUF; i++, j+=2) {
 325              		.loc 1 321 7 view .LVU76
 326              	.LVL11:
 327              		.loc 1 321 21 is_stmt 0 view .LVU77
 328 003e 0121     		movs	r1, #1
 329              		.loc 1 321 14 view .LVU78
 330 0040 0023     		movs	r3, #0
 331              		.loc 1 321 7 view .LVU79
 332 0042 0DE0     		b	.L14
 333              	.LVL12:
 334              	.L15:
 322:Core/Src/main.c ****           fft_adc_buf[i] = (float32_t)data_i2s[j];
 335              		.loc 1 322 11 is_stmt 1 discriminator 3 view .LVU80
 336              		.loc 1 322 47 is_stmt 0 discriminator 3 view .LVU81
 337 0044 434A     		ldr	r2, .L28
 338 0046 32F91120 		ldrsh	r2, [r2, r1, lsl #1]
 339 004a 07EE902A 		vmov	s15, r2	@ int
 340              		.loc 1 322 28 discriminator 3 view .LVU82
 341 004e F8EEE77A 		vcvt.f32.s32	s15, s15
 342              		.loc 1 322 26 discriminator 3 view .LVU83
 343 0052 0AAA     		add	r2, sp, #40
 344 0054 02EB8302 		add	r2, r2, r3, lsl #2
 345 0058 C2ED007A 		vstr.32	s15, [r2]
 321:Core/Src/main.c ****       for (i = 0, j = 1; i < ADC_BUF; i++, j+=2) {
 346              		.loc 1 321 42 is_stmt 1 discriminator 3 view .LVU84
 321:Core/Src/main.c ****       for (i = 0, j = 1; i < ADC_BUF; i++, j+=2) {
 347              		.loc 1 321 40 is_stmt 0 discriminator 3 view .LVU85
 348 005c 0133     		adds	r3, r3, #1
 349              	.LVL13:
 321:Core/Src/main.c ****       for (i = 0, j = 1; i < ADC_BUF; i++, j+=2) {
 350              		.loc 1 321 45 discriminator 3 view .LVU86
 351 005e 0231     		adds	r1, r1, #2
 352              	.LVL14:
 353              	.L14:
 321:Core/Src/main.c ****       for (i = 0, j = 1; i < ADC_BUF; i++, j+=2) {
ARM GAS  C:\Users\JustE\AppData\Local\Temp\cccdaA1z.s 			page 13


 354              		.loc 1 321 28 is_stmt 1 discriminator 1 view .LVU87
 355 0060 B3F5005F 		cmp	r3, #8192
 356 0064 EEDB     		blt	.L15
 323:Core/Src/main.c ****       }
 324:Core/Src/main.c **** 
 325:Core/Src/main.c ****       
 326:Core/Src/main.c ****       
 327:Core/Src/main.c ****       arm_rfft_fast_init_f32(&fft_instance, ADC_BUF / 2);
 357              		.loc 1 327 7 view .LVU88
 358 0066 4FF48051 		mov	r1, #4096
 359              	.LVL15:
 360              		.loc 1 327 7 is_stmt 0 view .LVU89
 361 006a 04A8     		add	r0, sp, #16
 362 006c FFF7FEFF 		bl	arm_rfft_fast_init_f32
 363              	.LVL16:
 328:Core/Src/main.c ****       arm_rfft_fast_f32(&fft_instance, fft_adc_buf, fft_output, 0);
 364              		.loc 1 328 7 is_stmt 1 view .LVU90
 365 0070 0023     		movs	r3, #0
 366 0072 0DF50042 		add	r2, sp, #32768
 367 0076 2832     		adds	r2, r2, #40
 368 0078 0AA9     		add	r1, sp, #40
 369 007a 04A8     		add	r0, sp, #16
 370 007c FFF7FEFF 		bl	arm_rfft_fast_f32
 371              	.LVL17:
 329:Core/Src/main.c **** 
 330:Core/Src/main.c ****       arm_cmplx_mag_f32(fft_output, fft_magnitude, FFT_SIZE);
 372              		.loc 1 330 7 view .LVU91
 373 0080 0DF58045 		add	r5, sp, #16384
 374 0084 2835     		adds	r5, r5, #40
 375 0086 4FF48052 		mov	r2, #4096
 376 008a 2946     		mov	r1, r5
 377 008c 0DF50040 		add	r0, sp, #32768
 378 0090 2830     		adds	r0, r0, #40
 379 0092 FFF7FEFF 		bl	arm_cmplx_mag_f32
 380              	.LVL18:
 331:Core/Src/main.c ****       fft_magnitude[0] = 0;
 381              		.loc 1 331 7 view .LVU92
 382              		.loc 1 331 24 is_stmt 0 view .LVU93
 383 0096 0024     		movs	r4, #0
 384 0098 2C60     		str	r4, [r5]	@ float
 332:Core/Src/main.c ****       fft_magnitude[1] = 0;
 385              		.loc 1 332 7 is_stmt 1 view .LVU94
 386              		.loc 1 332 24 is_stmt 0 view .LVU95
 387 009a 6C60     		str	r4, [r5, #4]	@ float
 333:Core/Src/main.c ****       arm_max_f32(fft_magnitude, FFT_SIZE / 2, &max_value, &max_index);
 388              		.loc 1 333 7 is_stmt 1 view .LVU96
 389 009c 03AB     		add	r3, sp, #12
 390 009e 02AA     		add	r2, sp, #8
 391 00a0 4FF40061 		mov	r1, #2048
 392 00a4 2846     		mov	r0, r5
 393 00a6 FFF7FEFF 		bl	arm_max_f32
 394              	.LVL19:
 334:Core/Src/main.c **** 
 335:Core/Src/main.c ****       uint32_t temp_max_index = 0;
 395              		.loc 1 335 7 view .LVU97
 336:Core/Src/main.c ****       float32_t temp_max_value = 0;
 396              		.loc 1 336 7 view .LVU98
ARM GAS  C:\Users\JustE\AppData\Local\Temp\cccdaA1z.s 			page 14


 337:Core/Src/main.c ****       max_index = 0;
 397              		.loc 1 337 7 view .LVU99
 398              		.loc 1 337 17 is_stmt 0 view .LVU100
 399 00aa 0020     		movs	r0, #0
 400 00ac 0390     		str	r0, [sp, #12]
 338:Core/Src/main.c ****       for (int v = 20; v < 22; v++) {
 401              		.loc 1 338 7 is_stmt 1 view .LVU101
 402              	.LBB10:
 403              		.loc 1 338 12 view .LVU102
 404              	.LVL20:
 405              		.loc 1 338 16 is_stmt 0 view .LVU103
 406 00ae 1423     		movs	r3, #20
 407              	.LBE10:
 336:Core/Src/main.c ****       float32_t temp_max_value = 0;
 408              		.loc 1 336 17 view .LVU104
 409 00b0 07EE904A 		vmov	s15, r4
 410              	.LBB11:
 411              		.loc 1 338 7 view .LVU105
 412 00b4 01E0     		b	.L16
 413              	.LVL21:
 414              	.L22:
 339:Core/Src/main.c ****           temp_max_index = 0;
 415              		.loc 1 339 26 view .LVU106
 416 00b6 0020     		movs	r0, #0
 417              	.LVL22:
 418              	.L17:
 338:Core/Src/main.c ****       for (int v = 20; v < 22; v++) {
 419              		.loc 1 338 33 is_stmt 1 discriminator 2 view .LVU107
 420 00b8 0133     		adds	r3, r3, #1
 421              	.LVL23:
 422              	.L16:
 338:Core/Src/main.c ****       for (int v = 20; v < 22; v++) {
 423              		.loc 1 338 26 discriminator 1 view .LVU108
 424 00ba 152B     		cmp	r3, #21
 425 00bc 0FDC     		bgt	.L27
 426              		.loc 1 339 11 view .LVU109
 427              	.LVL24:
 340:Core/Src/main.c ****         if (fft_magnitude[v] > temp_max_value) {
 428              		.loc 1 340 9 view .LVU110
 429              		.loc 1 340 26 is_stmt 0 view .LVU111
 430 00be 0DF58042 		add	r2, sp, #16384
 431 00c2 2832     		adds	r2, r2, #40
 432 00c4 02EB8302 		add	r2, r2, r3, lsl #2
 433 00c8 92ED007A 		vldr.32	s14, [r2]
 434              		.loc 1 340 12 view .LVU112
 435 00cc B4EEE77A 		vcmpe.f32	s14, s15
 436 00d0 F1EE10FA 		vmrs	APSR_nzcv, FPSCR
 437 00d4 EFDD     		ble	.L22
 341:Core/Src/main.c ****           temp_max_value = fft_magnitude[v];
 438              		.loc 1 341 11 is_stmt 1 view .LVU113
 439              	.LVL25:
 342:Core/Src/main.c ****           temp_max_index = v;
 440              		.loc 1 342 11 view .LVU114
 441              		.loc 1 342 26 is_stmt 0 view .LVU115
 442 00d6 1846     		mov	r0, r3
 443              	.LVL26:
 341:Core/Src/main.c ****           temp_max_value = fft_magnitude[v];
ARM GAS  C:\Users\JustE\AppData\Local\Temp\cccdaA1z.s 			page 15


 444              		.loc 1 341 26 view .LVU116
 445 00d8 F0EE477A 		vmov.f32	s15, s14
 446 00dc ECE7     		b	.L17
 447              	.LVL27:
 448              	.L27:
 341:Core/Src/main.c ****           temp_max_value = fft_magnitude[v];
 449              		.loc 1 341 26 view .LVU117
 450              	.LBE11:
 343:Core/Src/main.c ****         }
 344:Core/Src/main.c ****       }
 345:Core/Src/main.c ****       calculated_frequency = temp_max_index * (16000.0 / (FFT_SIZE * 1.0));
 451              		.loc 1 345 7 is_stmt 1 view .LVU118
 452              		.loc 1 345 45 is_stmt 0 view .LVU119
 453 00de FFF7FEFF 		bl	__aeabi_ui2d
 454              	.LVL28:
 455              		.loc 1 345 45 view .LVU120
 456 00e2 0022     		movs	r2, #0
 457 00e4 1C4B     		ldr	r3, .L28+4
 458 00e6 FFF7FEFF 		bl	__aeabi_dmul
 459              	.LVL29:
 460 00ea FFF7FEFF 		bl	__aeabi_d2f
 461              	.LVL30:
 462              		.loc 1 345 28 view .LVU121
 463 00ee 0190     		str	r0, [sp, #4]	@ float
 346:Core/Src/main.c ****           //if (calculated_frequency >= 80) {
 347:Core/Src/main.c ****           sprintf((char*)buf,
 464              		.loc 1 347 11 is_stmt 1 view .LVU122
 465 00f0 DDED017A 		vldr.32	s15, [sp, #4]
 466 00f4 194E     		ldr	r6, .L28+8
 467 00f6 1A4C     		ldr	r4, .L28+12
 468 00f8 FCEEE77A 		vcvt.u32.f32	s15, s15
 469 00fc 17EE902A 		vmov	r2, s15	@ int
 470 0100 3146     		mov	r1, r6
 471 0102 2046     		mov	r0, r4
 472 0104 FFF7FEFF 		bl	sprintf
 473              	.LVL31:
 348:Core/Src/main.c ****             "%u Hz\r\n",
 349:Core/Src/main.c ****             ((unsigned int)calculated_frequency));
 350:Core/Src/main.c ****           HAL_UART_Transmit(&huart2,buf,strlen((char*)buf),10);// Sending in normal mode
 474              		.loc 1 350 11 view .LVU123
 475              		.loc 1 350 41 is_stmt 0 view .LVU124
 476 0108 2046     		mov	r0, r4
 477 010a FFF7FEFF 		bl	strlen
 478              	.LVL32:
 479              		.loc 1 350 11 view .LVU125
 480 010e 154D     		ldr	r5, .L28+16
 481 0110 0A23     		movs	r3, #10
 482 0112 82B2     		uxth	r2, r0
 483 0114 2146     		mov	r1, r4
 484 0116 2846     		mov	r0, r5
 485 0118 FFF7FEFF 		bl	HAL_UART_Transmit
 486              	.LVL33:
 351:Core/Src/main.c **** 
 352:Core/Src/main.c ****       // calculated_frequency = max_index * (16000.0 / (FFT_SIZE * 1.0));
 353:Core/Src/main.c **** 
 354:Core/Src/main.c ****       //if (calculated_frequency >= 80) {
 355:Core/Src/main.c ****         sprintf((char*)buf,
ARM GAS  C:\Users\JustE\AppData\Local\Temp\cccdaA1z.s 			page 16


 487              		.loc 1 355 9 is_stmt 1 view .LVU126
 488 011c DDED017A 		vldr.32	s15, [sp, #4]
 489 0120 FCEEE77A 		vcvt.u32.f32	s15, s15
 490 0124 17EE902A 		vmov	r2, s15	@ int
 491 0128 3146     		mov	r1, r6
 492 012a 2046     		mov	r0, r4
 493 012c FFF7FEFF 		bl	sprintf
 494              	.LVL34:
 356:Core/Src/main.c ****                   "%u Hz\r\n",
 357:Core/Src/main.c ****                   ((unsigned int)calculated_frequency));
 358:Core/Src/main.c ****       HAL_UART_Transmit(&huart2,buf,strlen((char*)buf),10);// Sending in normal mode
 495              		.loc 1 358 7 view .LVU127
 496              		.loc 1 358 37 is_stmt 0 view .LVU128
 497 0130 2046     		mov	r0, r4
 498 0132 FFF7FEFF 		bl	strlen
 499              	.LVL35:
 500              		.loc 1 358 7 view .LVU129
 501 0136 0A23     		movs	r3, #10
 502 0138 82B2     		uxth	r2, r0
 503 013a 2146     		mov	r1, r4
 504 013c 2846     		mov	r0, r5
 505 013e FFF7FEFF 		bl	HAL_UART_Transmit
 506              	.LVL36:
 359:Core/Src/main.c **** 
 360:Core/Src/main.c ****       hsai_flag = 0;
 507              		.loc 1 360 7 is_stmt 1 view .LVU130
 508              		.loc 1 360 17 is_stmt 0 view .LVU131
 509 0142 094B     		ldr	r3, .L28+20
 510 0144 0022     		movs	r2, #0
 511 0146 1A70     		strb	r2, [r3]
 512              	.LBE9:
 361:Core/Src/main.c ****     }
 362:Core/Src/main.c **** }
 513              		.loc 1 362 1 view .LVU132
 514 0148 0DF5803D 		add	sp, sp, #65536
 515 014c 0AB0     		add	sp, sp, #40
 516              	.LCFI9:
 517              		.cfi_def_cfa_offset 16
 518              		@ sp needed
 519 014e 70BD     		pop	{r4, r5, r6, pc}
 520              	.LVL37:
 521              	.L24:
 522              	.LCFI10:
 523              		.cfi_def_cfa_offset 0
 524              		.cfi_restore 4
 525              		.cfi_restore 5
 526              		.cfi_restore 6
 527              		.cfi_restore 14
 528              		.loc 1 362 1 view .LVU133
 529 0150 7047     		bx	lr
 530              	.L29:
 531 0152 00BF     		.align	2
 532              	.L28:
 533 0154 00000000 		.word	data_i2s
 534 0158 00400F40 		.word	1074741248
 535 015c 00000000 		.word	.LC0
 536 0160 00000000 		.word	buf
ARM GAS  C:\Users\JustE\AppData\Local\Temp\cccdaA1z.s 			page 17


 537 0164 00000000 		.word	huart2
 538 0168 00000000 		.word	hsai_flag
 539              		.cfi_endproc
 540              	.LFE183:
 542              		.section	.text.Error_Handler,"ax",%progbits
 543              		.align	1
 544              		.global	Error_Handler
 545              		.syntax unified
 546              		.thumb
 547              		.thumb_func
 549              	Error_Handler:
 550              	.LFB184:
 363:Core/Src/main.c **** /* USER CODE END 4 */
 364:Core/Src/main.c **** 
 365:Core/Src/main.c **** /**
 366:Core/Src/main.c ****   * @brief  This function is executed in case of error occurrence.
 367:Core/Src/main.c ****   * @retval None
 368:Core/Src/main.c ****   */
 369:Core/Src/main.c **** void Error_Handler(void)
 370:Core/Src/main.c **** {
 551              		.loc 1 370 1 is_stmt 1 view -0
 552              		.cfi_startproc
 553              		@ Volatile: function does not return.
 554              		@ args = 0, pretend = 0, frame = 0
 555              		@ frame_needed = 0, uses_anonymous_args = 0
 556              		@ link register save eliminated.
 371:Core/Src/main.c ****   /* USER CODE BEGIN Error_Handler_Debug */
 372:Core/Src/main.c ****   /* User can add his own implementation to report the HAL error return state */
 373:Core/Src/main.c ****   __disable_irq();
 557              		.loc 1 373 3 view .LVU135
 558              	.LBB12:
 559              	.LBI12:
 560              		.file 2 "Drivers/CMSIS/Include/cmsis_gcc.h"
   1:Drivers/CMSIS/Include/cmsis_gcc.h **** /**************************************************************************//**
   2:Drivers/CMSIS/Include/cmsis_gcc.h ****  * @file     cmsis_gcc.h
   3:Drivers/CMSIS/Include/cmsis_gcc.h ****  * @brief    CMSIS compiler GCC header file
   4:Drivers/CMSIS/Include/cmsis_gcc.h ****  * @version  V5.2.0
   5:Drivers/CMSIS/Include/cmsis_gcc.h ****  * @date     08. May 2019
   6:Drivers/CMSIS/Include/cmsis_gcc.h ****  ******************************************************************************/
   7:Drivers/CMSIS/Include/cmsis_gcc.h **** /*
   8:Drivers/CMSIS/Include/cmsis_gcc.h ****  * Copyright (c) 2009-2019 Arm Limited. All rights reserved.
   9:Drivers/CMSIS/Include/cmsis_gcc.h ****  *
  10:Drivers/CMSIS/Include/cmsis_gcc.h ****  * SPDX-License-Identifier: Apache-2.0
  11:Drivers/CMSIS/Include/cmsis_gcc.h ****  *
  12:Drivers/CMSIS/Include/cmsis_gcc.h ****  * Licensed under the Apache License, Version 2.0 (the License); you may
  13:Drivers/CMSIS/Include/cmsis_gcc.h ****  * not use this file except in compliance with the License.
  14:Drivers/CMSIS/Include/cmsis_gcc.h ****  * You may obtain a copy of the License at
  15:Drivers/CMSIS/Include/cmsis_gcc.h ****  *
  16:Drivers/CMSIS/Include/cmsis_gcc.h ****  * www.apache.org/licenses/LICENSE-2.0
  17:Drivers/CMSIS/Include/cmsis_gcc.h ****  *
  18:Drivers/CMSIS/Include/cmsis_gcc.h ****  * Unless required by applicable law or agreed to in writing, software
  19:Drivers/CMSIS/Include/cmsis_gcc.h ****  * distributed under the License is distributed on an AS IS BASIS, WITHOUT
  20:Drivers/CMSIS/Include/cmsis_gcc.h ****  * WARRANTIES OR CONDITIONS OF ANY KIND, either express or implied.
  21:Drivers/CMSIS/Include/cmsis_gcc.h ****  * See the License for the specific language governing permissions and
  22:Drivers/CMSIS/Include/cmsis_gcc.h ****  * limitations under the License.
  23:Drivers/CMSIS/Include/cmsis_gcc.h ****  */
  24:Drivers/CMSIS/Include/cmsis_gcc.h **** 
ARM GAS  C:\Users\JustE\AppData\Local\Temp\cccdaA1z.s 			page 18


  25:Drivers/CMSIS/Include/cmsis_gcc.h **** #ifndef __CMSIS_GCC_H
  26:Drivers/CMSIS/Include/cmsis_gcc.h **** #define __CMSIS_GCC_H
  27:Drivers/CMSIS/Include/cmsis_gcc.h **** 
  28:Drivers/CMSIS/Include/cmsis_gcc.h **** /* ignore some GCC warnings */
  29:Drivers/CMSIS/Include/cmsis_gcc.h **** #pragma GCC diagnostic push
  30:Drivers/CMSIS/Include/cmsis_gcc.h **** #pragma GCC diagnostic ignored "-Wsign-conversion"
  31:Drivers/CMSIS/Include/cmsis_gcc.h **** #pragma GCC diagnostic ignored "-Wconversion"
  32:Drivers/CMSIS/Include/cmsis_gcc.h **** #pragma GCC diagnostic ignored "-Wunused-parameter"
  33:Drivers/CMSIS/Include/cmsis_gcc.h **** 
  34:Drivers/CMSIS/Include/cmsis_gcc.h **** /* Fallback for __has_builtin */
  35:Drivers/CMSIS/Include/cmsis_gcc.h **** #ifndef __has_builtin
  36:Drivers/CMSIS/Include/cmsis_gcc.h ****   #define __has_builtin(x) (0)
  37:Drivers/CMSIS/Include/cmsis_gcc.h **** #endif
  38:Drivers/CMSIS/Include/cmsis_gcc.h **** 
  39:Drivers/CMSIS/Include/cmsis_gcc.h **** /* CMSIS compiler specific defines */
  40:Drivers/CMSIS/Include/cmsis_gcc.h **** #ifndef   __ASM
  41:Drivers/CMSIS/Include/cmsis_gcc.h ****   #define __ASM                                  __asm
  42:Drivers/CMSIS/Include/cmsis_gcc.h **** #endif
  43:Drivers/CMSIS/Include/cmsis_gcc.h **** #ifndef   __INLINE
  44:Drivers/CMSIS/Include/cmsis_gcc.h ****   #define __INLINE                               inline
  45:Drivers/CMSIS/Include/cmsis_gcc.h **** #endif
  46:Drivers/CMSIS/Include/cmsis_gcc.h **** #ifndef   __STATIC_INLINE
  47:Drivers/CMSIS/Include/cmsis_gcc.h ****   #define __STATIC_INLINE                        static inline
  48:Drivers/CMSIS/Include/cmsis_gcc.h **** #endif
  49:Drivers/CMSIS/Include/cmsis_gcc.h **** #ifndef   __STATIC_FORCEINLINE                 
  50:Drivers/CMSIS/Include/cmsis_gcc.h ****   #define __STATIC_FORCEINLINE                   __attribute__((always_inline)) static inline
  51:Drivers/CMSIS/Include/cmsis_gcc.h **** #endif                                           
  52:Drivers/CMSIS/Include/cmsis_gcc.h **** #ifndef   __NO_RETURN
  53:Drivers/CMSIS/Include/cmsis_gcc.h ****   #define __NO_RETURN                            __attribute__((__noreturn__))
  54:Drivers/CMSIS/Include/cmsis_gcc.h **** #endif
  55:Drivers/CMSIS/Include/cmsis_gcc.h **** #ifndef   __USED
  56:Drivers/CMSIS/Include/cmsis_gcc.h ****   #define __USED                                 __attribute__((used))
  57:Drivers/CMSIS/Include/cmsis_gcc.h **** #endif
  58:Drivers/CMSIS/Include/cmsis_gcc.h **** #ifndef   __WEAK
  59:Drivers/CMSIS/Include/cmsis_gcc.h ****   #define __WEAK                                 __attribute__((weak))
  60:Drivers/CMSIS/Include/cmsis_gcc.h **** #endif
  61:Drivers/CMSIS/Include/cmsis_gcc.h **** #ifndef   __PACKED
  62:Drivers/CMSIS/Include/cmsis_gcc.h ****   #define __PACKED                               __attribute__((packed, aligned(1)))
  63:Drivers/CMSIS/Include/cmsis_gcc.h **** #endif
  64:Drivers/CMSIS/Include/cmsis_gcc.h **** #ifndef   __PACKED_STRUCT
  65:Drivers/CMSIS/Include/cmsis_gcc.h ****   #define __PACKED_STRUCT                        struct __attribute__((packed, aligned(1)))
  66:Drivers/CMSIS/Include/cmsis_gcc.h **** #endif
  67:Drivers/CMSIS/Include/cmsis_gcc.h **** #ifndef   __PACKED_UNION
  68:Drivers/CMSIS/Include/cmsis_gcc.h ****   #define __PACKED_UNION                         union __attribute__((packed, aligned(1)))
  69:Drivers/CMSIS/Include/cmsis_gcc.h **** #endif
  70:Drivers/CMSIS/Include/cmsis_gcc.h **** #ifndef   __UNALIGNED_UINT32        /* deprecated */
  71:Drivers/CMSIS/Include/cmsis_gcc.h ****   #pragma GCC diagnostic push
  72:Drivers/CMSIS/Include/cmsis_gcc.h ****   #pragma GCC diagnostic ignored "-Wpacked"
  73:Drivers/CMSIS/Include/cmsis_gcc.h ****   #pragma GCC diagnostic ignored "-Wattributes"
  74:Drivers/CMSIS/Include/cmsis_gcc.h ****   struct __attribute__((packed)) T_UINT32 { uint32_t v; };
  75:Drivers/CMSIS/Include/cmsis_gcc.h ****   #pragma GCC diagnostic pop
  76:Drivers/CMSIS/Include/cmsis_gcc.h ****   #define __UNALIGNED_UINT32(x)                  (((struct T_UINT32 *)(x))->v)
  77:Drivers/CMSIS/Include/cmsis_gcc.h **** #endif
  78:Drivers/CMSIS/Include/cmsis_gcc.h **** #ifndef   __UNALIGNED_UINT16_WRITE
  79:Drivers/CMSIS/Include/cmsis_gcc.h ****   #pragma GCC diagnostic push
  80:Drivers/CMSIS/Include/cmsis_gcc.h ****   #pragma GCC diagnostic ignored "-Wpacked"
  81:Drivers/CMSIS/Include/cmsis_gcc.h ****   #pragma GCC diagnostic ignored "-Wattributes"
ARM GAS  C:\Users\JustE\AppData\Local\Temp\cccdaA1z.s 			page 19


  82:Drivers/CMSIS/Include/cmsis_gcc.h ****   __PACKED_STRUCT T_UINT16_WRITE { uint16_t v; };
  83:Drivers/CMSIS/Include/cmsis_gcc.h ****   #pragma GCC diagnostic pop
  84:Drivers/CMSIS/Include/cmsis_gcc.h ****   #define __UNALIGNED_UINT16_WRITE(addr, val)    (void)((((struct T_UINT16_WRITE *)(void *)(addr))-
  85:Drivers/CMSIS/Include/cmsis_gcc.h **** #endif
  86:Drivers/CMSIS/Include/cmsis_gcc.h **** #ifndef   __UNALIGNED_UINT16_READ
  87:Drivers/CMSIS/Include/cmsis_gcc.h ****   #pragma GCC diagnostic push
  88:Drivers/CMSIS/Include/cmsis_gcc.h ****   #pragma GCC diagnostic ignored "-Wpacked"
  89:Drivers/CMSIS/Include/cmsis_gcc.h ****   #pragma GCC diagnostic ignored "-Wattributes"
  90:Drivers/CMSIS/Include/cmsis_gcc.h ****   __PACKED_STRUCT T_UINT16_READ { uint16_t v; };
  91:Drivers/CMSIS/Include/cmsis_gcc.h ****   #pragma GCC diagnostic pop
  92:Drivers/CMSIS/Include/cmsis_gcc.h ****   #define __UNALIGNED_UINT16_READ(addr)          (((const struct T_UINT16_READ *)(const void *)(add
  93:Drivers/CMSIS/Include/cmsis_gcc.h **** #endif
  94:Drivers/CMSIS/Include/cmsis_gcc.h **** #ifndef   __UNALIGNED_UINT32_WRITE
  95:Drivers/CMSIS/Include/cmsis_gcc.h ****   #pragma GCC diagnostic push
  96:Drivers/CMSIS/Include/cmsis_gcc.h ****   #pragma GCC diagnostic ignored "-Wpacked"
  97:Drivers/CMSIS/Include/cmsis_gcc.h ****   #pragma GCC diagnostic ignored "-Wattributes"
  98:Drivers/CMSIS/Include/cmsis_gcc.h ****   __PACKED_STRUCT T_UINT32_WRITE { uint32_t v; };
  99:Drivers/CMSIS/Include/cmsis_gcc.h ****   #pragma GCC diagnostic pop
 100:Drivers/CMSIS/Include/cmsis_gcc.h ****   #define __UNALIGNED_UINT32_WRITE(addr, val)    (void)((((struct T_UINT32_WRITE *)(void *)(addr))-
 101:Drivers/CMSIS/Include/cmsis_gcc.h **** #endif
 102:Drivers/CMSIS/Include/cmsis_gcc.h **** #ifndef   __UNALIGNED_UINT32_READ
 103:Drivers/CMSIS/Include/cmsis_gcc.h ****   #pragma GCC diagnostic push
 104:Drivers/CMSIS/Include/cmsis_gcc.h ****   #pragma GCC diagnostic ignored "-Wpacked"
 105:Drivers/CMSIS/Include/cmsis_gcc.h ****   #pragma GCC diagnostic ignored "-Wattributes"
 106:Drivers/CMSIS/Include/cmsis_gcc.h ****   __PACKED_STRUCT T_UINT32_READ { uint32_t v; };
 107:Drivers/CMSIS/Include/cmsis_gcc.h ****   #pragma GCC diagnostic pop
 108:Drivers/CMSIS/Include/cmsis_gcc.h ****   #define __UNALIGNED_UINT32_READ(addr)          (((const struct T_UINT32_READ *)(const void *)(add
 109:Drivers/CMSIS/Include/cmsis_gcc.h **** #endif
 110:Drivers/CMSIS/Include/cmsis_gcc.h **** #ifndef   __ALIGNED
 111:Drivers/CMSIS/Include/cmsis_gcc.h ****   #define __ALIGNED(x)                           __attribute__((aligned(x)))
 112:Drivers/CMSIS/Include/cmsis_gcc.h **** #endif
 113:Drivers/CMSIS/Include/cmsis_gcc.h **** #ifndef   __RESTRICT
 114:Drivers/CMSIS/Include/cmsis_gcc.h ****   #define __RESTRICT                             __restrict
 115:Drivers/CMSIS/Include/cmsis_gcc.h **** #endif
 116:Drivers/CMSIS/Include/cmsis_gcc.h **** #ifndef   __COMPILER_BARRIER
 117:Drivers/CMSIS/Include/cmsis_gcc.h ****   #define __COMPILER_BARRIER()                   __ASM volatile("":::"memory")
 118:Drivers/CMSIS/Include/cmsis_gcc.h **** #endif
 119:Drivers/CMSIS/Include/cmsis_gcc.h **** 
 120:Drivers/CMSIS/Include/cmsis_gcc.h **** /* #########################  Startup and Lowlevel Init  ######################## */
 121:Drivers/CMSIS/Include/cmsis_gcc.h **** 
 122:Drivers/CMSIS/Include/cmsis_gcc.h **** #ifndef __PROGRAM_START
 123:Drivers/CMSIS/Include/cmsis_gcc.h **** 
 124:Drivers/CMSIS/Include/cmsis_gcc.h **** /**
 125:Drivers/CMSIS/Include/cmsis_gcc.h ****   \brief   Initializes data and bss sections
 126:Drivers/CMSIS/Include/cmsis_gcc.h ****   \details This default implementations initialized all data and additional bss
 127:Drivers/CMSIS/Include/cmsis_gcc.h ****            sections relying on .copy.table and .zero.table specified properly
 128:Drivers/CMSIS/Include/cmsis_gcc.h ****            in the used linker script.
 129:Drivers/CMSIS/Include/cmsis_gcc.h ****   
 130:Drivers/CMSIS/Include/cmsis_gcc.h ****  */
 131:Drivers/CMSIS/Include/cmsis_gcc.h **** __STATIC_FORCEINLINE __NO_RETURN void __cmsis_start(void)
 132:Drivers/CMSIS/Include/cmsis_gcc.h **** {
 133:Drivers/CMSIS/Include/cmsis_gcc.h ****   extern void _start(void) __NO_RETURN;
 134:Drivers/CMSIS/Include/cmsis_gcc.h ****   
 135:Drivers/CMSIS/Include/cmsis_gcc.h ****   typedef struct {
 136:Drivers/CMSIS/Include/cmsis_gcc.h ****     uint32_t const* src;
 137:Drivers/CMSIS/Include/cmsis_gcc.h ****     uint32_t* dest;
 138:Drivers/CMSIS/Include/cmsis_gcc.h ****     uint32_t  wlen;
ARM GAS  C:\Users\JustE\AppData\Local\Temp\cccdaA1z.s 			page 20


 139:Drivers/CMSIS/Include/cmsis_gcc.h ****   } __copy_table_t;
 140:Drivers/CMSIS/Include/cmsis_gcc.h ****   
 141:Drivers/CMSIS/Include/cmsis_gcc.h ****   typedef struct {
 142:Drivers/CMSIS/Include/cmsis_gcc.h ****     uint32_t* dest;
 143:Drivers/CMSIS/Include/cmsis_gcc.h ****     uint32_t  wlen;
 144:Drivers/CMSIS/Include/cmsis_gcc.h ****   } __zero_table_t;
 145:Drivers/CMSIS/Include/cmsis_gcc.h ****   
 146:Drivers/CMSIS/Include/cmsis_gcc.h ****   extern const __copy_table_t __copy_table_start__;
 147:Drivers/CMSIS/Include/cmsis_gcc.h ****   extern const __copy_table_t __copy_table_end__;
 148:Drivers/CMSIS/Include/cmsis_gcc.h ****   extern const __zero_table_t __zero_table_start__;
 149:Drivers/CMSIS/Include/cmsis_gcc.h ****   extern const __zero_table_t __zero_table_end__;
 150:Drivers/CMSIS/Include/cmsis_gcc.h **** 
 151:Drivers/CMSIS/Include/cmsis_gcc.h ****   for (__copy_table_t const* pTable = &__copy_table_start__; pTable < &__copy_table_end__; ++pTable
 152:Drivers/CMSIS/Include/cmsis_gcc.h ****     for(uint32_t i=0u; i<pTable->wlen; ++i) {
 153:Drivers/CMSIS/Include/cmsis_gcc.h ****       pTable->dest[i] = pTable->src[i];
 154:Drivers/CMSIS/Include/cmsis_gcc.h ****     }
 155:Drivers/CMSIS/Include/cmsis_gcc.h ****   }
 156:Drivers/CMSIS/Include/cmsis_gcc.h ****  
 157:Drivers/CMSIS/Include/cmsis_gcc.h ****   for (__zero_table_t const* pTable = &__zero_table_start__; pTable < &__zero_table_end__; ++pTable
 158:Drivers/CMSIS/Include/cmsis_gcc.h ****     for(uint32_t i=0u; i<pTable->wlen; ++i) {
 159:Drivers/CMSIS/Include/cmsis_gcc.h ****       pTable->dest[i] = 0u;
 160:Drivers/CMSIS/Include/cmsis_gcc.h ****     }
 161:Drivers/CMSIS/Include/cmsis_gcc.h ****   }
 162:Drivers/CMSIS/Include/cmsis_gcc.h ****  
 163:Drivers/CMSIS/Include/cmsis_gcc.h ****   _start();
 164:Drivers/CMSIS/Include/cmsis_gcc.h **** }
 165:Drivers/CMSIS/Include/cmsis_gcc.h ****   
 166:Drivers/CMSIS/Include/cmsis_gcc.h **** #define __PROGRAM_START           __cmsis_start
 167:Drivers/CMSIS/Include/cmsis_gcc.h **** #endif
 168:Drivers/CMSIS/Include/cmsis_gcc.h **** 
 169:Drivers/CMSIS/Include/cmsis_gcc.h **** #ifndef __INITIAL_SP
 170:Drivers/CMSIS/Include/cmsis_gcc.h **** #define __INITIAL_SP              __StackTop
 171:Drivers/CMSIS/Include/cmsis_gcc.h **** #endif
 172:Drivers/CMSIS/Include/cmsis_gcc.h **** 
 173:Drivers/CMSIS/Include/cmsis_gcc.h **** #ifndef __STACK_LIMIT
 174:Drivers/CMSIS/Include/cmsis_gcc.h **** #define __STACK_LIMIT             __StackLimit
 175:Drivers/CMSIS/Include/cmsis_gcc.h **** #endif
 176:Drivers/CMSIS/Include/cmsis_gcc.h **** 
 177:Drivers/CMSIS/Include/cmsis_gcc.h **** #ifndef __VECTOR_TABLE
 178:Drivers/CMSIS/Include/cmsis_gcc.h **** #define __VECTOR_TABLE            __Vectors
 179:Drivers/CMSIS/Include/cmsis_gcc.h **** #endif
 180:Drivers/CMSIS/Include/cmsis_gcc.h **** 
 181:Drivers/CMSIS/Include/cmsis_gcc.h **** #ifndef __VECTOR_TABLE_ATTRIBUTE
 182:Drivers/CMSIS/Include/cmsis_gcc.h **** #define __VECTOR_TABLE_ATTRIBUTE  __attribute((used, section(".vectors")))
 183:Drivers/CMSIS/Include/cmsis_gcc.h **** #endif
 184:Drivers/CMSIS/Include/cmsis_gcc.h **** 
 185:Drivers/CMSIS/Include/cmsis_gcc.h **** /* ###########################  Core Function Access  ########################### */
 186:Drivers/CMSIS/Include/cmsis_gcc.h **** /** \ingroup  CMSIS_Core_FunctionInterface
 187:Drivers/CMSIS/Include/cmsis_gcc.h ****     \defgroup CMSIS_Core_RegAccFunctions CMSIS Core Register Access Functions
 188:Drivers/CMSIS/Include/cmsis_gcc.h ****   @{
 189:Drivers/CMSIS/Include/cmsis_gcc.h ****  */
 190:Drivers/CMSIS/Include/cmsis_gcc.h **** 
 191:Drivers/CMSIS/Include/cmsis_gcc.h **** /**
 192:Drivers/CMSIS/Include/cmsis_gcc.h ****   \brief   Enable IRQ Interrupts
 193:Drivers/CMSIS/Include/cmsis_gcc.h ****   \details Enables IRQ interrupts by clearing the I-bit in the CPSR.
 194:Drivers/CMSIS/Include/cmsis_gcc.h ****            Can only be executed in Privileged modes.
 195:Drivers/CMSIS/Include/cmsis_gcc.h ****  */
ARM GAS  C:\Users\JustE\AppData\Local\Temp\cccdaA1z.s 			page 21


 196:Drivers/CMSIS/Include/cmsis_gcc.h **** __STATIC_FORCEINLINE void __enable_irq(void)
 197:Drivers/CMSIS/Include/cmsis_gcc.h **** {
 198:Drivers/CMSIS/Include/cmsis_gcc.h ****   __ASM volatile ("cpsie i" : : : "memory");
 199:Drivers/CMSIS/Include/cmsis_gcc.h **** }
 200:Drivers/CMSIS/Include/cmsis_gcc.h **** 
 201:Drivers/CMSIS/Include/cmsis_gcc.h **** 
 202:Drivers/CMSIS/Include/cmsis_gcc.h **** /**
 203:Drivers/CMSIS/Include/cmsis_gcc.h ****   \brief   Disable IRQ Interrupts
 204:Drivers/CMSIS/Include/cmsis_gcc.h ****   \details Disables IRQ interrupts by setting the I-bit in the CPSR.
 205:Drivers/CMSIS/Include/cmsis_gcc.h ****            Can only be executed in Privileged modes.
 206:Drivers/CMSIS/Include/cmsis_gcc.h ****  */
 207:Drivers/CMSIS/Include/cmsis_gcc.h **** __STATIC_FORCEINLINE void __disable_irq(void)
 561              		.loc 2 207 27 view .LVU136
 562              	.LBB13:
 208:Drivers/CMSIS/Include/cmsis_gcc.h **** {
 209:Drivers/CMSIS/Include/cmsis_gcc.h ****   __ASM volatile ("cpsid i" : : : "memory");
 563              		.loc 2 209 3 view .LVU137
 564              		.syntax unified
 565              	@ 209 "Drivers/CMSIS/Include/cmsis_gcc.h" 1
 566 0000 72B6     		cpsid i
 567              	@ 0 "" 2
 568              		.thumb
 569              		.syntax unified
 570              	.L31:
 571              	.LBE13:
 572              	.LBE12:
 374:Core/Src/main.c ****   while (1)
 573              		.loc 1 374 3 discriminator 1 view .LVU138
 375:Core/Src/main.c ****   {
 376:Core/Src/main.c ****   }
 574              		.loc 1 376 3 discriminator 1 view .LVU139
 374:Core/Src/main.c ****   while (1)
 575              		.loc 1 374 9 discriminator 1 view .LVU140
 576 0002 FEE7     		b	.L31
 577              		.cfi_endproc
 578              	.LFE184:
 580              		.section	.text.MX_SAI1_Init,"ax",%progbits
 581              		.align	1
 582              		.syntax unified
 583              		.thumb
 584              		.thumb_func
 586              	MX_SAI1_Init:
 587              	.LFB178:
 185:Core/Src/main.c **** 
 588              		.loc 1 185 1 view -0
 589              		.cfi_startproc
 590              		@ args = 0, pretend = 0, frame = 0
 591              		@ frame_needed = 0, uses_anonymous_args = 0
 592 0000 08B5     		push	{r3, lr}
 593              	.LCFI11:
 594              		.cfi_def_cfa_offset 8
 595              		.cfi_offset 3, -8
 596              		.cfi_offset 14, -4
 194:Core/Src/main.c ****   hsai_BlockA1.Init.AudioMode = SAI_MODEMASTER_RX;
 597              		.loc 1 194 3 view .LVU142
 194:Core/Src/main.c ****   hsai_BlockA1.Init.AudioMode = SAI_MODEMASTER_RX;
 598              		.loc 1 194 25 is_stmt 0 view .LVU143
ARM GAS  C:\Users\JustE\AppData\Local\Temp\cccdaA1z.s 			page 22


 599 0002 0C48     		ldr	r0, .L36
 600 0004 0C4B     		ldr	r3, .L36+4
 601 0006 0360     		str	r3, [r0]
 195:Core/Src/main.c ****   hsai_BlockA1.Init.Synchro = SAI_ASYNCHRONOUS;
 602              		.loc 1 195 3 is_stmt 1 view .LVU144
 195:Core/Src/main.c ****   hsai_BlockA1.Init.Synchro = SAI_ASYNCHRONOUS;
 603              		.loc 1 195 31 is_stmt 0 view .LVU145
 604 0008 0121     		movs	r1, #1
 605 000a 4160     		str	r1, [r0, #4]
 196:Core/Src/main.c ****   hsai_BlockA1.Init.OutputDrive = SAI_OUTPUTDRIVE_DISABLE;
 606              		.loc 1 196 3 is_stmt 1 view .LVU146
 196:Core/Src/main.c ****   hsai_BlockA1.Init.OutputDrive = SAI_OUTPUTDRIVE_DISABLE;
 607              		.loc 1 196 29 is_stmt 0 view .LVU147
 608 000c 0023     		movs	r3, #0
 609 000e 8360     		str	r3, [r0, #8]
 197:Core/Src/main.c ****   hsai_BlockA1.Init.NoDivider = SAI_MASTERDIVIDER_ENABLE;
 610              		.loc 1 197 3 is_stmt 1 view .LVU148
 197:Core/Src/main.c ****   hsai_BlockA1.Init.NoDivider = SAI_MASTERDIVIDER_ENABLE;
 611              		.loc 1 197 33 is_stmt 0 view .LVU149
 612 0010 0361     		str	r3, [r0, #16]
 198:Core/Src/main.c ****   hsai_BlockA1.Init.FIFOThreshold = SAI_FIFOTHRESHOLD_EMPTY;
 613              		.loc 1 198 3 is_stmt 1 view .LVU150
 198:Core/Src/main.c ****   hsai_BlockA1.Init.FIFOThreshold = SAI_FIFOTHRESHOLD_EMPTY;
 614              		.loc 1 198 31 is_stmt 0 view .LVU151
 615 0012 4361     		str	r3, [r0, #20]
 199:Core/Src/main.c ****   hsai_BlockA1.Init.AudioFrequency = SAI_AUDIO_FREQUENCY_16K;
 616              		.loc 1 199 3 is_stmt 1 view .LVU152
 199:Core/Src/main.c ****   hsai_BlockA1.Init.AudioFrequency = SAI_AUDIO_FREQUENCY_16K;
 617              		.loc 1 199 35 is_stmt 0 view .LVU153
 618 0014 8361     		str	r3, [r0, #24]
 200:Core/Src/main.c ****   hsai_BlockA1.Init.SynchroExt = SAI_SYNCEXT_DISABLE;
 619              		.loc 1 200 3 is_stmt 1 view .LVU154
 200:Core/Src/main.c ****   hsai_BlockA1.Init.SynchroExt = SAI_SYNCEXT_DISABLE;
 620              		.loc 1 200 36 is_stmt 0 view .LVU155
 621 0016 4FF47A52 		mov	r2, #16000
 622 001a C261     		str	r2, [r0, #28]
 201:Core/Src/main.c ****   hsai_BlockA1.Init.MonoStereoMode = SAI_STEREOMODE;
 623              		.loc 1 201 3 is_stmt 1 view .LVU156
 201:Core/Src/main.c ****   hsai_BlockA1.Init.MonoStereoMode = SAI_STEREOMODE;
 624              		.loc 1 201 32 is_stmt 0 view .LVU157
 625 001c C360     		str	r3, [r0, #12]
 202:Core/Src/main.c ****   hsai_BlockA1.Init.CompandingMode = SAI_NOCOMPANDING;
 626              		.loc 1 202 3 is_stmt 1 view .LVU158
 202:Core/Src/main.c ****   hsai_BlockA1.Init.CompandingMode = SAI_NOCOMPANDING;
 627              		.loc 1 202 36 is_stmt 0 view .LVU159
 628 001e 4362     		str	r3, [r0, #36]
 203:Core/Src/main.c ****   if (HAL_SAI_InitProtocol(&hsai_BlockA1, SAI_I2S_MSBJUSTIFIED, SAI_PROTOCOL_DATASIZE_24BIT, 2) != 
 629              		.loc 1 203 3 is_stmt 1 view .LVU160
 203:Core/Src/main.c ****   if (HAL_SAI_InitProtocol(&hsai_BlockA1, SAI_I2S_MSBJUSTIFIED, SAI_PROTOCOL_DATASIZE_24BIT, 2) != 
 630              		.loc 1 203 36 is_stmt 0 view .LVU161
 631 0020 8362     		str	r3, [r0, #40]
 204:Core/Src/main.c ****   {
 632              		.loc 1 204 3 is_stmt 1 view .LVU162
 204:Core/Src/main.c ****   {
 633              		.loc 1 204 7 is_stmt 0 view .LVU163
 634 0022 0223     		movs	r3, #2
 635 0024 1A46     		mov	r2, r3
ARM GAS  C:\Users\JustE\AppData\Local\Temp\cccdaA1z.s 			page 23


 636 0026 FFF7FEFF 		bl	HAL_SAI_InitProtocol
 637              	.LVL38:
 204:Core/Src/main.c ****   {
 638              		.loc 1 204 6 view .LVU164
 639 002a 00B9     		cbnz	r0, .L35
 212:Core/Src/main.c **** 
 640              		.loc 1 212 1 view .LVU165
 641 002c 08BD     		pop	{r3, pc}
 642              	.L35:
 206:Core/Src/main.c ****   }
 643              		.loc 1 206 5 is_stmt 1 view .LVU166
 644 002e FFF7FEFF 		bl	Error_Handler
 645              	.LVL39:
 646              	.L37:
 647 0032 00BF     		.align	2
 648              	.L36:
 649 0034 00000000 		.word	hsai_BlockA1
 650 0038 04540140 		.word	1073828868
 651              		.cfi_endproc
 652              	.LFE178:
 654              		.section	.text.MX_USART2_UART_Init,"ax",%progbits
 655              		.align	1
 656              		.syntax unified
 657              		.thumb
 658              		.thumb_func
 660              	MX_USART2_UART_Init:
 661              	.LFB179:
 220:Core/Src/main.c **** 
 662              		.loc 1 220 1 view -0
 663              		.cfi_startproc
 664              		@ args = 0, pretend = 0, frame = 0
 665              		@ frame_needed = 0, uses_anonymous_args = 0
 666 0000 08B5     		push	{r3, lr}
 667              	.LCFI12:
 668              		.cfi_def_cfa_offset 8
 669              		.cfi_offset 3, -8
 670              		.cfi_offset 14, -4
 229:Core/Src/main.c ****   huart2.Init.BaudRate = 115200;
 671              		.loc 1 229 3 view .LVU168
 229:Core/Src/main.c ****   huart2.Init.BaudRate = 115200;
 672              		.loc 1 229 19 is_stmt 0 view .LVU169
 673 0002 0B48     		ldr	r0, .L42
 674 0004 0B4B     		ldr	r3, .L42+4
 675 0006 0360     		str	r3, [r0]
 230:Core/Src/main.c ****   huart2.Init.WordLength = UART_WORDLENGTH_8B;
 676              		.loc 1 230 3 is_stmt 1 view .LVU170
 230:Core/Src/main.c ****   huart2.Init.WordLength = UART_WORDLENGTH_8B;
 677              		.loc 1 230 24 is_stmt 0 view .LVU171
 678 0008 4FF4E133 		mov	r3, #115200
 679 000c 4360     		str	r3, [r0, #4]
 231:Core/Src/main.c ****   huart2.Init.StopBits = UART_STOPBITS_1;
 680              		.loc 1 231 3 is_stmt 1 view .LVU172
 231:Core/Src/main.c ****   huart2.Init.StopBits = UART_STOPBITS_1;
 681              		.loc 1 231 26 is_stmt 0 view .LVU173
 682 000e 0023     		movs	r3, #0
 683 0010 8360     		str	r3, [r0, #8]
 232:Core/Src/main.c ****   huart2.Init.Parity = UART_PARITY_NONE;
ARM GAS  C:\Users\JustE\AppData\Local\Temp\cccdaA1z.s 			page 24


 684              		.loc 1 232 3 is_stmt 1 view .LVU174
 232:Core/Src/main.c ****   huart2.Init.Parity = UART_PARITY_NONE;
 685              		.loc 1 232 24 is_stmt 0 view .LVU175
 686 0012 C360     		str	r3, [r0, #12]
 233:Core/Src/main.c ****   huart2.Init.Mode = UART_MODE_TX_RX;
 687              		.loc 1 233 3 is_stmt 1 view .LVU176
 233:Core/Src/main.c ****   huart2.Init.Mode = UART_MODE_TX_RX;
 688              		.loc 1 233 22 is_stmt 0 view .LVU177
 689 0014 0361     		str	r3, [r0, #16]
 234:Core/Src/main.c ****   huart2.Init.HwFlowCtl = UART_HWCONTROL_NONE;
 690              		.loc 1 234 3 is_stmt 1 view .LVU178
 234:Core/Src/main.c ****   huart2.Init.HwFlowCtl = UART_HWCONTROL_NONE;
 691              		.loc 1 234 20 is_stmt 0 view .LVU179
 692 0016 0C22     		movs	r2, #12
 693 0018 4261     		str	r2, [r0, #20]
 235:Core/Src/main.c ****   huart2.Init.OverSampling = UART_OVERSAMPLING_16;
 694              		.loc 1 235 3 is_stmt 1 view .LVU180
 235:Core/Src/main.c ****   huart2.Init.OverSampling = UART_OVERSAMPLING_16;
 695              		.loc 1 235 25 is_stmt 0 view .LVU181
 696 001a 8361     		str	r3, [r0, #24]
 236:Core/Src/main.c ****   huart2.Init.OneBitSampling = UART_ONE_BIT_SAMPLE_DISABLE;
 697              		.loc 1 236 3 is_stmt 1 view .LVU182
 236:Core/Src/main.c ****   huart2.Init.OneBitSampling = UART_ONE_BIT_SAMPLE_DISABLE;
 698              		.loc 1 236 28 is_stmt 0 view .LVU183
 699 001c C361     		str	r3, [r0, #28]
 237:Core/Src/main.c ****   huart2.AdvancedInit.AdvFeatureInit = UART_ADVFEATURE_NO_INIT;
 700              		.loc 1 237 3 is_stmt 1 view .LVU184
 237:Core/Src/main.c ****   huart2.AdvancedInit.AdvFeatureInit = UART_ADVFEATURE_NO_INIT;
 701              		.loc 1 237 30 is_stmt 0 view .LVU185
 702 001e 0362     		str	r3, [r0, #32]
 238:Core/Src/main.c ****   if (HAL_UART_Init(&huart2) != HAL_OK)
 703              		.loc 1 238 3 is_stmt 1 view .LVU186
 238:Core/Src/main.c ****   if (HAL_UART_Init(&huart2) != HAL_OK)
 704              		.loc 1 238 38 is_stmt 0 view .LVU187
 705 0020 4362     		str	r3, [r0, #36]
 239:Core/Src/main.c ****   {
 706              		.loc 1 239 3 is_stmt 1 view .LVU188
 239:Core/Src/main.c ****   {
 707              		.loc 1 239 7 is_stmt 0 view .LVU189
 708 0022 FFF7FEFF 		bl	HAL_UART_Init
 709              	.LVL40:
 239:Core/Src/main.c ****   {
 710              		.loc 1 239 6 view .LVU190
 711 0026 00B9     		cbnz	r0, .L41
 247:Core/Src/main.c **** 
 712              		.loc 1 247 1 view .LVU191
 713 0028 08BD     		pop	{r3, pc}
 714              	.L41:
 241:Core/Src/main.c ****   }
 715              		.loc 1 241 5 is_stmt 1 view .LVU192
 716 002a FFF7FEFF 		bl	Error_Handler
 717              	.LVL41:
 718              	.L43:
 719 002e 00BF     		.align	2
 720              	.L42:
 721 0030 00000000 		.word	huart2
 722 0034 00440040 		.word	1073759232
ARM GAS  C:\Users\JustE\AppData\Local\Temp\cccdaA1z.s 			page 25


 723              		.cfi_endproc
 724              	.LFE179:
 726              		.section	.text.SystemClock_Config,"ax",%progbits
 727              		.align	1
 728              		.global	SystemClock_Config
 729              		.syntax unified
 730              		.thumb
 731              		.thumb_func
 733              	SystemClock_Config:
 734              	.LFB177:
 135:Core/Src/main.c ****   RCC_OscInitTypeDef RCC_OscInitStruct = {0};
 735              		.loc 1 135 1 view -0
 736              		.cfi_startproc
 737              		@ args = 0, pretend = 0, frame = 88
 738              		@ frame_needed = 0, uses_anonymous_args = 0
 739 0000 00B5     		push	{lr}
 740              	.LCFI13:
 741              		.cfi_def_cfa_offset 4
 742              		.cfi_offset 14, -4
 743 0002 97B0     		sub	sp, sp, #92
 744              	.LCFI14:
 745              		.cfi_def_cfa_offset 96
 136:Core/Src/main.c ****   RCC_ClkInitTypeDef RCC_ClkInitStruct = {0};
 746              		.loc 1 136 3 view .LVU194
 136:Core/Src/main.c ****   RCC_ClkInitTypeDef RCC_ClkInitStruct = {0};
 747              		.loc 1 136 22 is_stmt 0 view .LVU195
 748 0004 4422     		movs	r2, #68
 749 0006 0021     		movs	r1, #0
 750 0008 05A8     		add	r0, sp, #20
 751 000a FFF7FEFF 		bl	memset
 752              	.LVL42:
 137:Core/Src/main.c **** 
 753              		.loc 1 137 3 is_stmt 1 view .LVU196
 137:Core/Src/main.c **** 
 754              		.loc 1 137 22 is_stmt 0 view .LVU197
 755 000e 0023     		movs	r3, #0
 756 0010 0093     		str	r3, [sp]
 757 0012 0193     		str	r3, [sp, #4]
 758 0014 0293     		str	r3, [sp, #8]
 759 0016 0393     		str	r3, [sp, #12]
 760 0018 0493     		str	r3, [sp, #16]
 141:Core/Src/main.c ****   {
 761              		.loc 1 141 3 is_stmt 1 view .LVU198
 141:Core/Src/main.c ****   {
 762              		.loc 1 141 7 is_stmt 0 view .LVU199
 763 001a 4FF40070 		mov	r0, #512
 764 001e FFF7FEFF 		bl	HAL_PWREx_ControlVoltageScaling
 765              	.LVL43:
 141:Core/Src/main.c ****   {
 766              		.loc 1 141 6 view .LVU200
 767 0022 20BB     		cbnz	r0, .L49
 149:Core/Src/main.c ****   RCC_OscInitStruct.HSIState = RCC_HSI_ON;
 768              		.loc 1 149 3 is_stmt 1 view .LVU201
 149:Core/Src/main.c ****   RCC_OscInitStruct.HSIState = RCC_HSI_ON;
 769              		.loc 1 149 36 is_stmt 0 view .LVU202
 770 0024 0223     		movs	r3, #2
 771 0026 0593     		str	r3, [sp, #20]
ARM GAS  C:\Users\JustE\AppData\Local\Temp\cccdaA1z.s 			page 26


 150:Core/Src/main.c ****   RCC_OscInitStruct.HSICalibrationValue = RCC_HSICALIBRATION_DEFAULT;
 772              		.loc 1 150 3 is_stmt 1 view .LVU203
 150:Core/Src/main.c ****   RCC_OscInitStruct.HSICalibrationValue = RCC_HSICALIBRATION_DEFAULT;
 773              		.loc 1 150 30 is_stmt 0 view .LVU204
 774 0028 4FF48072 		mov	r2, #256
 775 002c 0892     		str	r2, [sp, #32]
 151:Core/Src/main.c ****   RCC_OscInitStruct.PLL.PLLState = RCC_PLL_ON;
 776              		.loc 1 151 3 is_stmt 1 view .LVU205
 151:Core/Src/main.c ****   RCC_OscInitStruct.PLL.PLLState = RCC_PLL_ON;
 777              		.loc 1 151 41 is_stmt 0 view .LVU206
 778 002e 1022     		movs	r2, #16
 779 0030 0992     		str	r2, [sp, #36]
 152:Core/Src/main.c ****   RCC_OscInitStruct.PLL.PLLSource = RCC_PLLSOURCE_HSI;
 780              		.loc 1 152 3 is_stmt 1 view .LVU207
 152:Core/Src/main.c ****   RCC_OscInitStruct.PLL.PLLSource = RCC_PLLSOURCE_HSI;
 781              		.loc 1 152 34 is_stmt 0 view .LVU208
 782 0032 0F93     		str	r3, [sp, #60]
 153:Core/Src/main.c ****   RCC_OscInitStruct.PLL.PLLM = 1;
 783              		.loc 1 153 3 is_stmt 1 view .LVU209
 153:Core/Src/main.c ****   RCC_OscInitStruct.PLL.PLLM = 1;
 784              		.loc 1 153 35 is_stmt 0 view .LVU210
 785 0034 1093     		str	r3, [sp, #64]
 154:Core/Src/main.c ****   RCC_OscInitStruct.PLL.PLLN = 10;
 786              		.loc 1 154 3 is_stmt 1 view .LVU211
 154:Core/Src/main.c ****   RCC_OscInitStruct.PLL.PLLN = 10;
 787              		.loc 1 154 30 is_stmt 0 view .LVU212
 788 0036 0122     		movs	r2, #1
 789 0038 1192     		str	r2, [sp, #68]
 155:Core/Src/main.c ****   RCC_OscInitStruct.PLL.PLLP = RCC_PLLP_DIV7;
 790              		.loc 1 155 3 is_stmt 1 view .LVU213
 155:Core/Src/main.c ****   RCC_OscInitStruct.PLL.PLLP = RCC_PLLP_DIV7;
 791              		.loc 1 155 30 is_stmt 0 view .LVU214
 792 003a 0A22     		movs	r2, #10
 793 003c 1292     		str	r2, [sp, #72]
 156:Core/Src/main.c ****   RCC_OscInitStruct.PLL.PLLQ = RCC_PLLQ_DIV2;
 794              		.loc 1 156 3 is_stmt 1 view .LVU215
 156:Core/Src/main.c ****   RCC_OscInitStruct.PLL.PLLQ = RCC_PLLQ_DIV2;
 795              		.loc 1 156 30 is_stmt 0 view .LVU216
 796 003e 0722     		movs	r2, #7
 797 0040 1392     		str	r2, [sp, #76]
 157:Core/Src/main.c ****   RCC_OscInitStruct.PLL.PLLR = RCC_PLLR_DIV2;
 798              		.loc 1 157 3 is_stmt 1 view .LVU217
 157:Core/Src/main.c ****   RCC_OscInitStruct.PLL.PLLR = RCC_PLLR_DIV2;
 799              		.loc 1 157 30 is_stmt 0 view .LVU218
 800 0042 1493     		str	r3, [sp, #80]
 158:Core/Src/main.c ****   if (HAL_RCC_OscConfig(&RCC_OscInitStruct) != HAL_OK)
 801              		.loc 1 158 3 is_stmt 1 view .LVU219
 158:Core/Src/main.c ****   if (HAL_RCC_OscConfig(&RCC_OscInitStruct) != HAL_OK)
 802              		.loc 1 158 30 is_stmt 0 view .LVU220
 803 0044 1593     		str	r3, [sp, #84]
 159:Core/Src/main.c ****   {
 804              		.loc 1 159 3 is_stmt 1 view .LVU221
 159:Core/Src/main.c ****   {
 805              		.loc 1 159 7 is_stmt 0 view .LVU222
 806 0046 05A8     		add	r0, sp, #20
 807 0048 FFF7FEFF 		bl	HAL_RCC_OscConfig
 808              	.LVL44:
ARM GAS  C:\Users\JustE\AppData\Local\Temp\cccdaA1z.s 			page 27


 159:Core/Src/main.c ****   {
 809              		.loc 1 159 6 view .LVU223
 810 004c 88B9     		cbnz	r0, .L50
 166:Core/Src/main.c ****                               |RCC_CLOCKTYPE_PCLK1|RCC_CLOCKTYPE_PCLK2;
 811              		.loc 1 166 3 is_stmt 1 view .LVU224
 166:Core/Src/main.c ****                               |RCC_CLOCKTYPE_PCLK1|RCC_CLOCKTYPE_PCLK2;
 812              		.loc 1 166 31 is_stmt 0 view .LVU225
 813 004e 0F23     		movs	r3, #15
 814 0050 0093     		str	r3, [sp]
 168:Core/Src/main.c ****   RCC_ClkInitStruct.AHBCLKDivider = RCC_SYSCLK_DIV1;
 815              		.loc 1 168 3 is_stmt 1 view .LVU226
 168:Core/Src/main.c ****   RCC_ClkInitStruct.AHBCLKDivider = RCC_SYSCLK_DIV1;
 816              		.loc 1 168 34 is_stmt 0 view .LVU227
 817 0052 0323     		movs	r3, #3
 818 0054 0193     		str	r3, [sp, #4]
 169:Core/Src/main.c ****   RCC_ClkInitStruct.APB1CLKDivider = RCC_HCLK_DIV1;
 819              		.loc 1 169 3 is_stmt 1 view .LVU228
 169:Core/Src/main.c ****   RCC_ClkInitStruct.APB1CLKDivider = RCC_HCLK_DIV1;
 820              		.loc 1 169 35 is_stmt 0 view .LVU229
 821 0056 0023     		movs	r3, #0
 822 0058 0293     		str	r3, [sp, #8]
 170:Core/Src/main.c ****   RCC_ClkInitStruct.APB2CLKDivider = RCC_HCLK_DIV1;
 823              		.loc 1 170 3 is_stmt 1 view .LVU230
 170:Core/Src/main.c ****   RCC_ClkInitStruct.APB2CLKDivider = RCC_HCLK_DIV1;
 824              		.loc 1 170 36 is_stmt 0 view .LVU231
 825 005a 0393     		str	r3, [sp, #12]
 171:Core/Src/main.c **** 
 826              		.loc 1 171 3 is_stmt 1 view .LVU232
 171:Core/Src/main.c **** 
 827              		.loc 1 171 36 is_stmt 0 view .LVU233
 828 005c 0493     		str	r3, [sp, #16]
 173:Core/Src/main.c ****   {
 829              		.loc 1 173 3 is_stmt 1 view .LVU234
 173:Core/Src/main.c ****   {
 830              		.loc 1 173 7 is_stmt 0 view .LVU235
 831 005e 0421     		movs	r1, #4
 832 0060 6846     		mov	r0, sp
 833 0062 FFF7FEFF 		bl	HAL_RCC_ClockConfig
 834              	.LVL45:
 173:Core/Src/main.c ****   {
 835              		.loc 1 173 6 view .LVU236
 836 0066 30B9     		cbnz	r0, .L51
 177:Core/Src/main.c **** 
 837              		.loc 1 177 1 view .LVU237
 838 0068 17B0     		add	sp, sp, #92
 839              	.LCFI15:
 840              		.cfi_remember_state
 841              		.cfi_def_cfa_offset 4
 842              		@ sp needed
 843 006a 5DF804FB 		ldr	pc, [sp], #4
 844              	.L49:
 845              	.LCFI16:
 846              		.cfi_restore_state
 143:Core/Src/main.c ****   }
 847              		.loc 1 143 5 is_stmt 1 view .LVU238
 848 006e FFF7FEFF 		bl	Error_Handler
 849              	.LVL46:
ARM GAS  C:\Users\JustE\AppData\Local\Temp\cccdaA1z.s 			page 28


 850              	.L50:
 161:Core/Src/main.c ****   }
 851              		.loc 1 161 5 view .LVU239
 852 0072 FFF7FEFF 		bl	Error_Handler
 853              	.LVL47:
 854              	.L51:
 175:Core/Src/main.c ****   }
 855              		.loc 1 175 5 view .LVU240
 856 0076 FFF7FEFF 		bl	Error_Handler
 857              	.LVL48:
 858              		.cfi_endproc
 859              	.LFE177:
 861              		.section	.text.main,"ax",%progbits
 862              		.align	1
 863              		.global	main
 864              		.syntax unified
 865              		.thumb
 866              		.thumb_func
 868              	main:
 869              	.LFB176:
  84:Core/Src/main.c ****   /* USER CODE BEGIN 1 */
 870              		.loc 1 84 1 view -0
 871              		.cfi_startproc
 872              		@ Volatile: function does not return.
 873              		@ args = 0, pretend = 0, frame = 0
 874              		@ frame_needed = 0, uses_anonymous_args = 0
 875 0000 08B5     		push	{r3, lr}
 876              	.LCFI17:
 877              		.cfi_def_cfa_offset 8
 878              		.cfi_offset 3, -8
 879              		.cfi_offset 14, -4
  92:Core/Src/main.c **** 
 880              		.loc 1 92 3 view .LVU242
 881 0002 FFF7FEFF 		bl	HAL_Init
 882              	.LVL49:
  99:Core/Src/main.c **** 
 883              		.loc 1 99 3 view .LVU243
 884 0006 FFF7FEFF 		bl	SystemClock_Config
 885              	.LVL50:
 106:Core/Src/main.c ****   MX_DMA_Init();
 886              		.loc 1 106 3 view .LVU244
 887 000a FFF7FEFF 		bl	MX_GPIO_Init
 888              	.LVL51:
 107:Core/Src/main.c ****   MX_SAI1_Init();
 889              		.loc 1 107 3 view .LVU245
 890 000e FFF7FEFF 		bl	MX_DMA_Init
 891              	.LVL52:
 108:Core/Src/main.c ****   MX_USART2_UART_Init();
 892              		.loc 1 108 3 view .LVU246
 893 0012 FFF7FEFF 		bl	MX_SAI1_Init
 894              	.LVL53:
 109:Core/Src/main.c ****   /* USER CODE BEGIN 2 */
 895              		.loc 1 109 3 view .LVU247
 896 0016 FFF7FEFF 		bl	MX_USART2_UART_Init
 897              	.LVL54:
 111:Core/Src/main.c ****   /* USER CODE END 2 */
 898              		.loc 1 111 3 view .LVU248
ARM GAS  C:\Users\JustE\AppData\Local\Temp\cccdaA1z.s 			page 29


 899 001a 4FF40052 		mov	r2, #8192
 900 001e 0449     		ldr	r1, .L55
 901 0020 0448     		ldr	r0, .L55+4
 902 0022 FFF7FEFF 		bl	HAL_SAI_Receive_DMA
 903              	.LVL55:
 904              	.L53:
 116:Core/Src/main.c ****   {
 905              		.loc 1 116 3 discriminator 1 view .LVU249
 121:Core/Src/main.c ****     // sprintf((char*)buf,
 906              		.loc 1 121 5 discriminator 1 view .LVU250
 907 0026 044B     		ldr	r3, .L55+8
 908 0028 1878     		ldrb	r0, [r3]	@ zero_extendqisi2
 909 002a FFF7FEFF 		bl	do_fft
 910              	.LVL56:
 116:Core/Src/main.c ****   {
 911              		.loc 1 116 9 discriminator 1 view .LVU251
 912 002e FAE7     		b	.L53
 913              	.L56:
 914              		.align	2
 915              	.L55:
 916 0030 00000000 		.word	data_i2s
 917 0034 00000000 		.word	hsai_BlockA1
 918 0038 00000000 		.word	hsai_flag
 919              		.cfi_endproc
 920              	.LFE176:
 922              		.global	hsai_flag
 923              		.section	.bss.hsai_flag,"aw",%nobits
 926              	hsai_flag:
 927 0000 00       		.space	1
 928              		.global	sample_i2s
 929              		.section	.bss.sample_i2s,"aw",%nobits
 930              		.align	1
 933              	sample_i2s:
 934 0000 0000     		.space	2
 935              		.global	data
 936              		.section	.bss.data,"aw",%nobits
 937              		.align	1
 940              	data:
 941 0000 0000     		.space	2
 942              		.global	data_i2s
 943              		.section	.bss.data_i2s,"aw",%nobits
 944              		.align	2
 947              	data_i2s:
 948 0000 00000000 		.space	16384
 948      00000000 
 948      00000000 
 948      00000000 
 948      00000000 
 949              		.global	buf
 950              		.section	.bss.buf,"aw",%nobits
 951              		.align	2
 954              	buf:
 955 0000 00000000 		.space	20
 955      00000000 
 955      00000000 
 955      00000000 
 955      00000000 
ARM GAS  C:\Users\JustE\AppData\Local\Temp\cccdaA1z.s 			page 30


 956              		.global	huart2
 957              		.section	.bss.huart2,"aw",%nobits
 958              		.align	2
 961              	huart2:
 962 0000 00000000 		.space	132
 962      00000000 
 962      00000000 
 962      00000000 
 962      00000000 
 963              		.global	hdma_sai1_a
 964              		.section	.bss.hdma_sai1_a,"aw",%nobits
 965              		.align	2
 968              	hdma_sai1_a:
 969 0000 00000000 		.space	72
 969      00000000 
 969      00000000 
 969      00000000 
 969      00000000 
 970              		.global	hsai_BlockA1
 971              		.section	.bss.hsai_BlockA1,"aw",%nobits
 972              		.align	2
 975              	hsai_BlockA1:
 976 0000 00000000 		.space	132
 976      00000000 
 976      00000000 
 976      00000000 
 976      00000000 
 977              		.text
 978              	.Letext0:
 979              		.file 3 "Drivers/CMSIS/Device/ST/STM32L4xx/Include/stm32l476xx.h"
 980              		.file 4 "c:\\tools\\arm-gnu-toolchain-12.2.mpacbti-rel1-mingw-w64-i686-arm-none-eabi\\arm-none-eab
 981              		.file 5 "c:\\tools\\arm-gnu-toolchain-12.2.mpacbti-rel1-mingw-w64-i686-arm-none-eabi\\arm-none-eab
 982              		.file 6 "c:\\tools\\arm-gnu-toolchain-12.2.mpacbti-rel1-mingw-w64-i686-arm-none-eabi\\lib\\gcc\\ar
 983              		.file 7 "Drivers/STM32L4xx_HAL_Driver/Inc/stm32l4xx_hal_def.h"
 984              		.file 8 "Drivers/STM32L4xx_HAL_Driver/Inc/stm32l4xx_hal_rcc.h"
 985              		.file 9 "Drivers/STM32L4xx_HAL_Driver/Inc/stm32l4xx_hal_gpio.h"
 986              		.file 10 "Drivers/STM32L4xx_HAL_Driver/Inc/stm32l4xx_hal_dma.h"
 987              		.file 11 "Drivers/STM32L4xx_HAL_Driver/Inc/stm32l4xx_hal_sai.h"
 988              		.file 12 "Drivers/STM32L4xx_HAL_Driver/Inc/stm32l4xx_hal_uart.h"
 989              		.file 13 "Drivers/CMSIS/DSP/Include/arm_math.h"
 990              		.file 14 "c:\\tools\\arm-gnu-toolchain-12.2.mpacbti-rel1-mingw-w64-i686-arm-none-eabi\\arm-none-ea
 991              		.file 15 "c:\\tools\\arm-gnu-toolchain-12.2.mpacbti-rel1-mingw-w64-i686-arm-none-eabi\\arm-none-ea
 992              		.file 16 "Drivers/STM32L4xx_HAL_Driver/Inc/stm32l4xx_hal_pwr_ex.h"
 993              		.file 17 "Drivers/STM32L4xx_HAL_Driver/Inc/stm32l4xx_hal_cortex.h"
 994              		.file 18 "Drivers/STM32L4xx_HAL_Driver/Inc/stm32l4xx_hal.h"
 995              		.file 19 "<built-in>"
ARM GAS  C:\Users\JustE\AppData\Local\Temp\cccdaA1z.s 			page 31


DEFINED SYMBOLS
                            *ABS*:00000000 main.c
C:\Users\JustE\AppData\Local\Temp\cccdaA1z.s:21     .text.MX_GPIO_Init:00000000 $t
C:\Users\JustE\AppData\Local\Temp\cccdaA1z.s:26     .text.MX_GPIO_Init:00000000 MX_GPIO_Init
C:\Users\JustE\AppData\Local\Temp\cccdaA1z.s:159    .text.MX_GPIO_Init:00000098 $d
C:\Users\JustE\AppData\Local\Temp\cccdaA1z.s:165    .text.MX_DMA_Init:00000000 $t
C:\Users\JustE\AppData\Local\Temp\cccdaA1z.s:170    .text.MX_DMA_Init:00000000 MX_DMA_Init
C:\Users\JustE\AppData\Local\Temp\cccdaA1z.s:218    .text.MX_DMA_Init:00000030 $d
C:\Users\JustE\AppData\Local\Temp\cccdaA1z.s:223    .text.HAL_SAI_RxCpltCallback:00000000 $t
C:\Users\JustE\AppData\Local\Temp\cccdaA1z.s:229    .text.HAL_SAI_RxCpltCallback:00000000 HAL_SAI_RxCpltCallback
C:\Users\JustE\AppData\Local\Temp\cccdaA1z.s:247    .text.HAL_SAI_RxCpltCallback:00000008 $d
C:\Users\JustE\AppData\Local\Temp\cccdaA1z.s:926    .bss.hsai_flag:00000000 hsai_flag
C:\Users\JustE\AppData\Local\Temp\cccdaA1z.s:255    .rodata.do_fft.str1.4:00000000 $d
C:\Users\JustE\AppData\Local\Temp\cccdaA1z.s:259    .text.do_fft:00000000 $t
C:\Users\JustE\AppData\Local\Temp\cccdaA1z.s:265    .text.do_fft:00000000 do_fft
C:\Users\JustE\AppData\Local\Temp\cccdaA1z.s:533    .text.do_fft:00000154 $d
C:\Users\JustE\AppData\Local\Temp\cccdaA1z.s:947    .bss.data_i2s:00000000 data_i2s
C:\Users\JustE\AppData\Local\Temp\cccdaA1z.s:954    .bss.buf:00000000 buf
C:\Users\JustE\AppData\Local\Temp\cccdaA1z.s:961    .bss.huart2:00000000 huart2
C:\Users\JustE\AppData\Local\Temp\cccdaA1z.s:543    .text.Error_Handler:00000000 $t
C:\Users\JustE\AppData\Local\Temp\cccdaA1z.s:549    .text.Error_Handler:00000000 Error_Handler
C:\Users\JustE\AppData\Local\Temp\cccdaA1z.s:581    .text.MX_SAI1_Init:00000000 $t
C:\Users\JustE\AppData\Local\Temp\cccdaA1z.s:586    .text.MX_SAI1_Init:00000000 MX_SAI1_Init
C:\Users\JustE\AppData\Local\Temp\cccdaA1z.s:649    .text.MX_SAI1_Init:00000034 $d
C:\Users\JustE\AppData\Local\Temp\cccdaA1z.s:975    .bss.hsai_BlockA1:00000000 hsai_BlockA1
C:\Users\JustE\AppData\Local\Temp\cccdaA1z.s:655    .text.MX_USART2_UART_Init:00000000 $t
C:\Users\JustE\AppData\Local\Temp\cccdaA1z.s:660    .text.MX_USART2_UART_Init:00000000 MX_USART2_UART_Init
C:\Users\JustE\AppData\Local\Temp\cccdaA1z.s:721    .text.MX_USART2_UART_Init:00000030 $d
C:\Users\JustE\AppData\Local\Temp\cccdaA1z.s:727    .text.SystemClock_Config:00000000 $t
C:\Users\JustE\AppData\Local\Temp\cccdaA1z.s:733    .text.SystemClock_Config:00000000 SystemClock_Config
C:\Users\JustE\AppData\Local\Temp\cccdaA1z.s:862    .text.main:00000000 $t
C:\Users\JustE\AppData\Local\Temp\cccdaA1z.s:868    .text.main:00000000 main
C:\Users\JustE\AppData\Local\Temp\cccdaA1z.s:916    .text.main:00000030 $d
C:\Users\JustE\AppData\Local\Temp\cccdaA1z.s:927    .bss.hsai_flag:00000000 $d
C:\Users\JustE\AppData\Local\Temp\cccdaA1z.s:933    .bss.sample_i2s:00000000 sample_i2s
C:\Users\JustE\AppData\Local\Temp\cccdaA1z.s:930    .bss.sample_i2s:00000000 $d
C:\Users\JustE\AppData\Local\Temp\cccdaA1z.s:940    .bss.data:00000000 data
C:\Users\JustE\AppData\Local\Temp\cccdaA1z.s:937    .bss.data:00000000 $d
C:\Users\JustE\AppData\Local\Temp\cccdaA1z.s:944    .bss.data_i2s:00000000 $d
C:\Users\JustE\AppData\Local\Temp\cccdaA1z.s:951    .bss.buf:00000000 $d
C:\Users\JustE\AppData\Local\Temp\cccdaA1z.s:958    .bss.huart2:00000000 $d
C:\Users\JustE\AppData\Local\Temp\cccdaA1z.s:968    .bss.hdma_sai1_a:00000000 hdma_sai1_a
C:\Users\JustE\AppData\Local\Temp\cccdaA1z.s:965    .bss.hdma_sai1_a:00000000 $d
C:\Users\JustE\AppData\Local\Temp\cccdaA1z.s:972    .bss.hsai_BlockA1:00000000 $d

UNDEFINED SYMBOLS
HAL_GPIO_WritePin
HAL_GPIO_Init
HAL_NVIC_SetPriority
HAL_NVIC_EnableIRQ
__aeabi_ui2d
__aeabi_dmul
__aeabi_d2f
memset
arm_rfft_fast_init_f32
arm_rfft_fast_f32
arm_cmplx_mag_f32
ARM GAS  C:\Users\JustE\AppData\Local\Temp\cccdaA1z.s 			page 32


arm_max_f32
sprintf
strlen
HAL_UART_Transmit
HAL_SAI_InitProtocol
HAL_UART_Init
HAL_PWREx_ControlVoltageScaling
HAL_RCC_OscConfig
HAL_RCC_ClockConfig
HAL_Init
HAL_SAI_Receive_DMA
